{"/home/travis/build/npmtest/node-npmtest-es5-shim/test.js":{"path":"/home/travis/build/npmtest/node-npmtest-es5-shim/test.js","s":{"1":2,"2":2,"3":2,"4":2,"5":2,"6":2,"7":2,"8":1,"9":2,"10":2,"11":1,"12":1,"13":1,"14":1,"15":2,"16":2,"17":2,"18":2,"19":1,"20":1,"21":2,"22":2,"23":2,"24":1,"25":1,"26":1,"27":1,"28":1,"29":1,"30":1,"31":1,"32":1,"33":1,"34":1,"35":1,"36":1,"37":1,"38":1,"39":2,"40":2,"41":1,"42":2,"43":2,"44":1,"45":2,"46":2,"47":1,"48":2,"49":2,"50":1,"51":1,"52":1,"53":1,"54":1},"b":{"1":[2,1,1,1],"2":[1,1,1,1],"3":[1,1],"4":[1,1],"5":[1,1],"6":[1,1],"7":[1,1],"8":[1,1],"9":[1,1],"10":[1,1,1],"11":[1,1],"12":[1,1],"13":[1,1],"14":[1,1],"15":[1,1],"16":[1,1],"17":[1,1]},"f":{"1":2,"2":2,"3":2,"4":2,"5":2,"6":1,"7":1,"8":1,"9":2,"10":2,"11":2,"12":2,"13":1},"fnMap":{"1":{"name":"(anonymous_1)","line":12,"loc":{"start":{"line":12,"column":1},"end":{"line":12,"column":13}}},"2":{"name":"(anonymous_2)","line":19,"loc":{"start":{"line":19,"column":5},"end":{"line":19,"column":17}}},"3":{"name":"(anonymous_3)","line":23,"loc":{"start":{"line":23,"column":24},"end":{"line":23,"column":36}}},"4":{"name":"(anonymous_4)","line":61,"loc":{"start":{"line":61,"column":5},"end":{"line":61,"column":17}}},"5":{"name":"(anonymous_5)","line":82,"loc":{"start":{"line":82,"column":5},"end":{"line":82,"column":17}}},"6":{"name":"(anonymous_6)","line":91,"loc":{"start":{"line":91,"column":77},"end":{"line":94,"column":10}}},"7":{"name":"(anonymous_7)","line":112,"loc":{"start":{"line":112,"column":83},"end":{"line":115,"column":10}},"skip":true},"8":{"name":"(anonymous_8)","line":123,"loc":{"start":{"line":123,"column":77},"end":{"line":126,"column":10}},"skip":true},"9":{"name":"(anonymous_9)","line":139,"loc":{"start":{"line":139,"column":12},"end":{"line":139,"column":40}},"skip":true},"10":{"name":"(anonymous_10)","line":147,"loc":{"start":{"line":147,"column":77},"end":{"line":150,"column":10}},"skip":true},"11":{"name":"(anonymous_11)","line":158,"loc":{"start":{"line":158,"column":83},"end":{"line":161,"column":10}},"skip":true},"12":{"name":"(anonymous_12)","line":169,"loc":{"start":{"line":169,"column":79},"end":{"line":172,"column":10}},"skip":true},"13":{"name":"(anonymous_13)","line":180,"loc":{"start":{"line":180,"column":75},"end":{"line":183,"column":10}},"skip":true}},"statementMap":{"1":{"start":{"line":12,"column":0},"end":{"line":195,"column":5}},"2":{"start":{"line":14,"column":4},"end":{"line":14,"column":14}},"3":{"start":{"line":19,"column":4},"end":{"line":56,"column":9}},"4":{"start":{"line":21,"column":8},"end":{"line":21,"column":19}},"5":{"start":{"line":23,"column":8},"end":{"line":35,"column":13}},"6":{"start":{"line":24,"column":12},"end":{"line":34,"column":13}},"7":{"start":{"line":25,"column":16},"end":{"line":28,"column":30}},"8":{"start":{"line":30,"column":16},"end":{"line":33,"column":27}},"9":{"start":{"line":37,"column":8},"end":{"line":39,"column":21}},"10":{"start":{"line":40,"column":8},"end":{"line":53,"column":9}},"11":{"start":{"line":43,"column":12},"end":{"line":46,"column":14}},"12":{"start":{"line":47,"column":12},"end":{"line":47,"column":18}},"13":{"start":{"line":50,"column":12},"end":{"line":51,"column":33}},"14":{"start":{"line":52,"column":12},"end":{"line":52,"column":18}},"15":{"start":{"line":55,"column":8},"end":{"line":55,"column":35}},"16":{"start":{"line":61,"column":4},"end":{"line":63,"column":9}},"17":{"start":{"line":62,"column":8},"end":{"line":62,"column":15}},"18":{"start":{"line":64,"column":4},"end":{"line":77,"column":5}},"19":{"start":{"line":70,"column":8},"end":{"line":70,"column":14}},"20":{"start":{"line":76,"column":8},"end":{"line":76,"column":14}},"21":{"start":{"line":82,"column":4},"end":{"line":84,"column":9}},"22":{"start":{"line":83,"column":8},"end":{"line":83,"column":15}},"23":{"start":{"line":85,"column":4},"end":{"line":194,"column":5}},"24":{"start":{"line":91,"column":8},"end":{"line":99,"column":10}},"25":{"start":{"line":98,"column":12},"end":{"line":98,"column":35}},"26":{"start":{"line":102,"column":8},"end":{"line":104,"column":63}},"27":{"start":{"line":105,"column":8},"end":{"line":105,"column":14}},"28":{"start":{"line":112,"column":8},"end":{"line":121,"column":10},"skip":true},"29":{"start":{"line":119,"column":12},"end":{"line":119,"column":55},"skip":true},"30":{"start":{"line":120,"column":12},"end":{"line":120,"column":48},"skip":true},"31":{"start":{"line":123,"column":8},"end":{"line":136,"column":10},"skip":true},"32":{"start":{"line":130,"column":12},"end":{"line":130,"column":76},"skip":true},"33":{"start":{"line":131,"column":12},"end":{"line":131,"column":73},"skip":true},"34":{"start":{"line":132,"column":12},"end":{"line":132,"column":74},"skip":true},"35":{"start":{"line":133,"column":12},"end":{"line":133,"column":79},"skip":true},"36":{"start":{"line":134,"column":12},"end":{"line":134,"column":25},"skip":true},"37":{"start":{"line":135,"column":12},"end":{"line":135,"column":45},"skip":true},"38":{"start":{"line":138,"column":8},"end":{"line":145,"column":14},"skip":true},"39":{"start":{"line":143,"column":16},"end":{"line":143,"column":29},"skip":true},"40":{"start":{"line":144,"column":16},"end":{"line":144,"column":55},"skip":true},"41":{"start":{"line":147,"column":8},"end":{"line":156,"column":10},"skip":true},"42":{"start":{"line":154,"column":12},"end":{"line":154,"column":25},"skip":true},"43":{"start":{"line":155,"column":12},"end":{"line":155,"column":45},"skip":true},"44":{"start":{"line":158,"column":8},"end":{"line":167,"column":10},"skip":true},"45":{"start":{"line":165,"column":12},"end":{"line":165,"column":25},"skip":true},"46":{"start":{"line":166,"column":12},"end":{"line":166,"column":48},"skip":true},"47":{"start":{"line":169,"column":8},"end":{"line":178,"column":10},"skip":true},"48":{"start":{"line":176,"column":12},"end":{"line":176,"column":25},"skip":true},"49":{"start":{"line":177,"column":12},"end":{"line":177,"column":46},"skip":true},"50":{"start":{"line":180,"column":8},"end":{"line":189,"column":10},"skip":true},"51":{"start":{"line":187,"column":12},"end":{"line":187,"column":94},"skip":true},"52":{"start":{"line":188,"column":12},"end":{"line":188,"column":48},"skip":true},"53":{"start":{"line":192,"column":8},"end":{"line":192,"column":35},"skip":true},"54":{"start":{"line":193,"column":8},"end":{"line":193,"column":14},"skip":true}},"branchMap":{"1":{"line":25,"type":"binary-expr","locations":[{"start":{"line":25,"column":23},"end":{"line":25,"column":62}},{"start":{"line":26,"column":20},"end":{"line":26,"column":70}},{"start":{"line":27,"column":20},"end":{"line":27,"column":71}},{"start":{"line":28,"column":20},"end":{"line":28,"column":29}}]},"2":{"line":30,"type":"binary-expr","locations":[{"start":{"line":30,"column":23},"end":{"line":30,"column":37}},{"start":{"line":31,"column":20},"end":{"line":31,"column":61}},{"start":{"line":32,"column":20},"end":{"line":32,"column":70}},{"start":{"line":33,"column":20},"end":{"line":33,"column":26}}]},"3":{"line":37,"type":"cond-expr","locations":[{"start":{"line":38,"column":14},"end":{"line":38,"column":20}},{"start":{"line":39,"column":14},"end":{"line":39,"column":20}}]},"4":{"line":40,"type":"switch","locations":[{"start":{"line":42,"column":8},"end":{"line":47,"column":18}},{"start":{"line":49,"column":8},"end":{"line":52,"column":18}}]},"5":{"line":44,"type":"binary-expr","locations":[{"start":{"line":44,"column":16},"end":{"line":44,"column":44}},{"start":{"line":44,"column":48},"end":{"line":44,"column":66}}]},"6":{"line":50,"type":"binary-expr","locations":[{"start":{"line":50,"column":21},"end":{"line":50,"column":49}},{"start":{"line":50,"column":53},"end":{"line":50,"column":72}}]},"7":{"line":64,"type":"switch","locations":[{"start":{"line":69,"column":4},"end":{"line":70,"column":14}},{"start":{"line":75,"column":4},"end":{"line":76,"column":14}}]},"8":{"line":85,"type":"switch","locations":[{"start":{"line":90,"column":4},"end":{"line":105,"column":14}},{"start":{"line":111,"column":4},"end":{"line":193,"column":14},"skip":true}]},"9":{"line":91,"type":"binary-expr","locations":[{"start":{"line":91,"column":42},"end":{"line":91,"column":73}},{"start":{"line":91,"column":77},"end":{"line":99,"column":9}}]},"10":{"line":102,"type":"binary-expr","locations":[{"start":{"line":102,"column":18},"end":{"line":102,"column":32}},{"start":{"line":103,"column":12},"end":{"line":103,"column":53}},{"start":{"line":104,"column":12},"end":{"line":104,"column":61}}]},"11":{"line":112,"type":"binary-expr","locations":[{"start":{"line":112,"column":45},"end":{"line":112,"column":79},"skip":true},{"start":{"line":112,"column":83},"end":{"line":121,"column":9},"skip":true}]},"12":{"line":123,"type":"binary-expr","locations":[{"start":{"line":123,"column":42},"end":{"line":123,"column":73},"skip":true},{"start":{"line":123,"column":77},"end":{"line":136,"column":9},"skip":true}]},"13":{"line":138,"type":"binary-expr","locations":[{"start":{"line":138,"column":48},"end":{"line":138,"column":85},"skip":true},{"start":{"line":139,"column":12},"end":{"line":145,"column":13},"skip":true}]},"14":{"line":147,"type":"binary-expr","locations":[{"start":{"line":147,"column":42},"end":{"line":147,"column":73},"skip":true},{"start":{"line":147,"column":77},"end":{"line":156,"column":9},"skip":true}]},"15":{"line":158,"type":"binary-expr","locations":[{"start":{"line":158,"column":45},"end":{"line":158,"column":79},"skip":true},{"start":{"line":158,"column":83},"end":{"line":167,"column":9},"skip":true}]},"16":{"line":169,"type":"binary-expr","locations":[{"start":{"line":169,"column":43},"end":{"line":169,"column":75},"skip":true},{"start":{"line":169,"column":79},"end":{"line":178,"column":9},"skip":true}]},"17":{"line":180,"type":"binary-expr","locations":[{"start":{"line":180,"column":41},"end":{"line":180,"column":71},"skip":true},{"start":{"line":180,"column":75},"end":{"line":189,"column":9},"skip":true}]}},"code":["/* istanbul instrument in package npmtest_es5_shim */","/*jslint","    bitwise: true,","    browser: true,","    maxerr: 8,","    maxlen: 96,","    node: true,","    nomen: true,","    regexp: true,","    stupid: true","*/","(function () {","    'use strict';","    var local;","","","","    // run shared js-env code - init-before","    (function () {","        // init local","        local = {};","        // init modeJs","        local.modeJs = (function () {","            try {","                return typeof navigator.userAgent === 'string' &&","                    typeof document.querySelector('body') === 'object' &&","                    typeof XMLHttpRequest.prototype.open === 'function' &&","                    'browser';","            } catch (errorCaughtBrowser) {","                return module.exports &&","                    typeof process.versions.node === 'string' &&","                    typeof require('http').createServer === 'function' &&","                    'node';","            }","        }());","        // init global","        local.global = local.modeJs === 'browser'","            ? window","            : global;","        switch (local.modeJs) {","        // re-init local from window.local","        case 'browser':","            local = local.global.utility2.objectSetDefault(","                local.global.utility2_rollup || local.global.local,","                local.global.utility2","            );","            break;","        // re-init local from example.js","        case 'node':","            local = (local.global.utility2_rollup || require('utility2'))","                .requireReadme();","            break;","        }","        // export local","        local.global.local = local;","    }());","","","","    // run shared js-env code - function","    (function () {","        return;","    }());","    switch (local.modeJs) {","","","","    // run browser js-env code - function","    case 'browser':","        break;","","","","    // run node js-env code - function","    case 'node':","        break;","    }","","","","    // run shared js-env code - init-after","    (function () {","        return;","    }());","    switch (local.modeJs) {","","","","    // run browser js-env code - init-after","    case 'browser':","        local.testCase_browser_nullCase = local.testCase_browser_nullCase || function (","            options,","            onError","        ) {","        /*","         * this function will test browsers's null-case handling-behavior-behavior","         */","            onError(null, options);","        };","","        // run tests","        local.nop(local.modeTest &&","            document.querySelector('#testRunButton1') &&","            document.querySelector('#testRunButton1').click());","        break;","","","","    // run node js-env code - init-after","    /* istanbul ignore next */","    case 'node':","        local.testCase_buildApidoc_default = local.testCase_buildApidoc_default || function (","            options,","            onError","        ) {","        /*","         * this function will test buildApidoc's default handling-behavior-behavior","         */","            options = { modulePathList: module.paths };","            local.buildApidoc(options, onError);","        };","","        local.testCase_buildApp_default = local.testCase_buildApp_default || function (","            options,","            onError","        ) {","        /*","         * this function will test buildApp's default handling-behavior-behavior","         */","            local.testCase_buildReadme_default(options, local.onErrorThrow);","            local.testCase_buildLib_default(options, local.onErrorThrow);","            local.testCase_buildTest_default(options, local.onErrorThrow);","            local.testCase_buildCustomOrg_default(options, local.onErrorThrow);","            options = [];","            local.buildApp(options, onError);","        };","","        local.testCase_buildCustomOrg_default = local.testCase_buildCustomOrg_default ||","            function (options, onError) {","            /*","             * this function will test buildCustomOrg's default handling-behavior","             */","                options = {};","                local.buildCustomOrg(options, onError);","            };","","        local.testCase_buildLib_default = local.testCase_buildLib_default || function (","            options,","            onError","        ) {","        /*","         * this function will test buildLib's default handling-behavior","         */","            options = {};","            local.buildLib(options, onError);","        };","","        local.testCase_buildReadme_default = local.testCase_buildReadme_default || function (","            options,","            onError","        ) {","        /*","         * this function will test buildReadme's default handling-behavior-behavior","         */","            options = {};","            local.buildReadme(options, onError);","        };","","        local.testCase_buildTest_default = local.testCase_buildTest_default || function (","            options,","            onError","        ) {","        /*","         * this function will test buildTest's default handling-behavior","         */","            options = {};","            local.buildTest(options, onError);","        };","","        local.testCase_webpage_default = local.testCase_webpage_default || function (","            options,","            onError","        ) {","        /*","         * this function will test webpage's default handling-behavior","         */","            options = { modeCoverageMerge: true, url: local.serverLocalHost + '?modeTest=1' };","            local.browserTest(options, onError);","        };","","        // run test-server","        local.testRunServer(local);","        break;","    }","}());",""],"l":{"12":2,"14":2,"19":2,"21":2,"23":2,"24":2,"25":2,"30":1,"37":2,"40":2,"43":1,"47":1,"50":1,"52":1,"55":2,"61":2,"62":2,"64":2,"70":1,"76":1,"82":2,"83":2,"85":2,"91":1,"98":1,"102":1,"105":1,"112":1,"119":1,"120":1,"123":1,"130":1,"131":1,"132":1,"133":1,"134":1,"135":1,"138":1,"143":2,"144":2,"147":1,"154":2,"155":2,"158":1,"165":2,"166":2,"169":1,"176":2,"177":2,"180":1,"187":1,"188":1,"192":1,"193":1}},"/home/travis/build/npmtest/node-npmtest-es5-shim/lib.npmtest_es5_shim.js":{"path":"/home/travis/build/npmtest/node-npmtest-es5-shim/lib.npmtest_es5_shim.js","s":{"1":2,"2":2,"3":2,"4":2,"5":2,"6":2,"7":2,"8":1,"9":2,"10":2,"11":2,"12":2,"13":1,"14":1,"15":1,"16":1},"b":{"1":[2,1,1,1],"2":[1,1,1,1],"3":[1,1],"4":[2,2],"5":[1,1]},"f":{"1":2,"2":2,"3":2},"fnMap":{"1":{"name":"(anonymous_1)","line":12,"loc":{"start":{"line":12,"column":1},"end":{"line":12,"column":13}}},"2":{"name":"(anonymous_2)","line":19,"loc":{"start":{"line":19,"column":5},"end":{"line":19,"column":17}}},"3":{"name":"(anonymous_3)","line":23,"loc":{"start":{"line":23,"column":24},"end":{"line":23,"column":36}}}},"statementMap":{"1":{"start":{"line":12,"column":0},"end":{"line":53,"column":5}},"2":{"start":{"line":14,"column":4},"end":{"line":14,"column":14}},"3":{"start":{"line":19,"column":4},"end":{"line":52,"column":9}},"4":{"start":{"line":21,"column":8},"end":{"line":21,"column":19}},"5":{"start":{"line":23,"column":8},"end":{"line":35,"column":13}},"6":{"start":{"line":24,"column":12},"end":{"line":34,"column":13}},"7":{"start":{"line":25,"column":16},"end":{"line":28,"column":30}},"8":{"start":{"line":30,"column":16},"end":{"line":33,"column":27}},"9":{"start":{"line":37,"column":8},"end":{"line":39,"column":21}},"10":{"start":{"line":41,"column":8},"end":{"line":41,"column":54}},"11":{"start":{"line":43,"column":8},"end":{"line":43,"column":53}},"12":{"start":{"line":45,"column":8},"end":{"line":51,"column":9}},"13":{"start":{"line":46,"column":12},"end":{"line":46,"column":59}},"14":{"start":{"line":48,"column":12},"end":{"line":48,"column":35}},"15":{"start":{"line":49,"column":12},"end":{"line":49,"column":49}},"16":{"start":{"line":50,"column":12},"end":{"line":50,"column":43}}},"branchMap":{"1":{"line":25,"type":"binary-expr","locations":[{"start":{"line":25,"column":23},"end":{"line":25,"column":62}},{"start":{"line":26,"column":20},"end":{"line":26,"column":70}},{"start":{"line":27,"column":20},"end":{"line":27,"column":71}},{"start":{"line":28,"column":20},"end":{"line":28,"column":29}}]},"2":{"line":30,"type":"binary-expr","locations":[{"start":{"line":30,"column":23},"end":{"line":30,"column":37}},{"start":{"line":31,"column":20},"end":{"line":31,"column":61}},{"start":{"line":32,"column":20},"end":{"line":32,"column":70}},{"start":{"line":33,"column":20},"end":{"line":33,"column":26}}]},"3":{"line":37,"type":"cond-expr","locations":[{"start":{"line":38,"column":14},"end":{"line":38,"column":20}},{"start":{"line":39,"column":14},"end":{"line":39,"column":20}}]},"4":{"line":41,"type":"binary-expr","locations":[{"start":{"line":41,"column":16},"end":{"line":41,"column":44}},{"start":{"line":41,"column":48},"end":{"line":41,"column":53}}]},"5":{"line":45,"type":"if","locations":[{"start":{"line":45,"column":8},"end":{"line":45,"column":8}},{"start":{"line":45,"column":8},"end":{"line":45,"column":8}}]}},"code":["/* istanbul instrument in package npmtest_es5_shim */","/*jslint","    bitwise: true,","    browser: true,","    maxerr: 8,","    maxlen: 96,","    node: true,","    nomen: true,","    regexp: true,","    stupid: true","*/","(function () {","    'use strict';","    var local;","","","","    // run shared js-env code - init-before","    (function () {","        // init local","        local = {};","        // init modeJs","        local.modeJs = (function () {","            try {","                return typeof navigator.userAgent === 'string' &&","                    typeof document.querySelector('body') === 'object' &&","                    typeof XMLHttpRequest.prototype.open === 'function' &&","                    'browser';","            } catch (errorCaughtBrowser) {","                return module.exports &&","                    typeof process.versions.node === 'string' &&","                    typeof require('http').createServer === 'function' &&","                    'node';","            }","        }());","        // init global","        local.global = local.modeJs === 'browser'","            ? window","            : global;","        // init utility2_rollup","        local = local.global.utility2_rollup || local;","        // init lib","        local.local = local.npmtest_es5_shim = local;","        // init exports","        if (local.modeJs === 'browser') {","            local.global.utility2_npmtest_es5_shim = local;","        } else {","            module.exports = local;","            module.exports.__dirname = __dirname;","            module.exports.module = module;","        }","    }());","}());",""],"l":{"12":2,"14":2,"19":2,"21":2,"23":2,"24":2,"25":2,"30":1,"37":2,"41":2,"43":2,"45":2,"46":1,"48":1,"49":1,"50":1}},"/home/travis/build/npmtest/node-npmtest-es5-shim/example.js":{"path":"/home/travis/build/npmtest/node-npmtest-es5-shim/example.js","s":{"1":2,"2":2,"3":2,"4":2,"5":2,"6":2,"7":2,"8":1,"9":2,"10":2,"11":2,"12":2,"13":1,"14":2,"15":2,"16":2,"17":2,"18":2,"19":0,"20":2,"21":1,"22":1,"23":1,"24":1,"25":1,"26":0,"27":0,"28":1,"29":1,"30":2,"31":0,"32":0,"33":0,"34":1,"35":2,"36":2,"37":3,"38":3,"39":3,"40":3,"41":0,"42":3,"43":3,"44":3,"45":1,"46":3,"47":1,"48":1,"49":1,"50":1,"51":1,"52":1,"53":1,"54":1,"55":1,"56":1,"57":0,"58":1,"59":6,"60":6,"61":1,"62":2,"63":0,"64":2,"65":1,"66":1,"67":0,"68":0,"69":0,"70":0,"71":0,"72":0,"73":0,"74":0,"75":0,"76":0,"77":0,"78":0,"79":0,"80":0,"81":0,"82":0,"83":0},"b":{"1":[2,1,1,1],"2":[1,1,1,1],"3":[1,1],"4":[2,2],"5":[1,1],"6":[1,1],"7":[2,0],"8":[2,1,1,1,1,1],"9":[0,2,0],"10":[1,1],"11":[2,1,1],"12":[1,0],"13":[0,2],"14":[2,0,0,0,0,0,0],"15":[0,3],"16":[3,0],"17":[1,1],"18":[0,1],"19":[1,2,0,2],"20":[1,0],"21":[1,1],"22":[0,0],"23":[0,0],"24":[0,0],"25":[0,0],"26":[0,0],"27":[0,0],"28":[0,0]},"f":{"1":2,"2":2,"3":2,"4":2,"5":2,"6":2,"7":3,"8":3,"9":3,"10":1,"11":6,"12":0},"fnMap":{"1":{"name":"(anonymous_1)","line":26,"loc":{"start":{"line":26,"column":1},"end":{"line":26,"column":13}}},"2":{"name":"(anonymous_2)","line":33,"loc":{"start":{"line":33,"column":5},"end":{"line":33,"column":17}}},"3":{"name":"(anonymous_3)","line":37,"loc":{"start":{"line":37,"column":24},"end":{"line":37,"column":36}}},"4":{"name":"(anonymous_4)","line":69,"loc":{"start":{"line":69,"column":31},"end":{"line":69,"column":48}},"skip":true},"5":{"name":"(anonymous_5)","line":78,"loc":{"start":{"line":78,"column":26},"end":{"line":78,"column":45}},"skip":true},"6":{"name":"(anonymous_6)","line":123,"loc":{"start":{"line":123,"column":33},"end":{"line":123,"column":48}},"skip":true},"7":{"name":"(anonymous_7)","line":125,"loc":{"start":{"line":125,"column":27},"end":{"line":125,"column":39}},"skip":true},"8":{"name":"(anonymous_8)","line":133,"loc":{"start":{"line":133,"column":59},"end":{"line":133,"column":74}},"skip":true},"9":{"name":"(anonymous_9)","line":143,"loc":{"start":{"line":143,"column":45},"end":{"line":143,"column":62}},"skip":true},"10":{"name":"(anonymous_10)","line":144,"loc":{"start":{"line":144,"column":73},"end":{"line":144,"column":92}},"skip":true},"11":{"name":"(anonymous_11)","line":272,"loc":{"start":{"line":272,"column":51},"end":{"line":272,"column":77}},"skip":true},"12":{"name":"(anonymous_12)","line":315,"loc":{"start":{"line":315,"column":32},"end":{"line":315,"column":61}},"skip":true}},"statementMap":{"1":{"start":{"line":26,"column":0},"end":{"line":326,"column":5}},"2":{"start":{"line":28,"column":4},"end":{"line":28,"column":14}},"3":{"start":{"line":33,"column":4},"end":{"line":60,"column":9}},"4":{"start":{"line":35,"column":8},"end":{"line":35,"column":19}},"5":{"start":{"line":37,"column":8},"end":{"line":49,"column":13}},"6":{"start":{"line":38,"column":12},"end":{"line":48,"column":13}},"7":{"start":{"line":39,"column":16},"end":{"line":42,"column":30}},"8":{"start":{"line":44,"column":16},"end":{"line":47,"column":27}},"9":{"start":{"line":51,"column":8},"end":{"line":53,"column":21}},"10":{"start":{"line":55,"column":8},"end":{"line":57,"column":45}},"11":{"start":{"line":59,"column":8},"end":{"line":59,"column":35}},"12":{"start":{"line":61,"column":4},"end":{"line":325,"column":5}},"13":{"start":{"line":69,"column":8},"end":{"line":121,"column":10},"skip":true},"14":{"start":{"line":70,"column":12},"end":{"line":88,"column":13},"skip":true},"15":{"start":{"line":76,"column":16},"end":{"line":87,"column":19},"skip":true},"16":{"start":{"line":79,"column":20},"end":{"line":86,"column":21},"skip":true},"17":{"start":{"line":82,"column":24},"end":{"line":82,"column":43},"skip":true},"18":{"start":{"line":83,"column":24},"end":{"line":83,"column":30},"skip":true},"19":{"start":{"line":85,"column":24},"end":{"line":85,"column":49},"skip":true},"20":{"start":{"line":89,"column":12},"end":{"line":107,"column":13},"skip":true},"21":{"start":{"line":92,"column":16},"end":{"line":102,"column":17},"skip":true},"22":{"start":{"line":93,"column":20},"end":{"line":93,"column":86},"skip":true},"23":{"start":{"line":94,"column":20},"end":{"line":95,"column":45},"skip":true},"24":{"start":{"line":96,"column":20},"end":{"line":96,"column":42},"skip":true},"25":{"start":{"line":97,"column":20},"end":{"line":97,"column":48},"skip":true},"26":{"start":{"line":100,"column":20},"end":{"line":100,"column":85},"skip":true},"27":{"start":{"line":101,"column":20},"end":{"line":101,"column":96},"skip":true},"28":{"start":{"line":103,"column":16},"end":{"line":103,"column":22},"skip":true},"29":{"start":{"line":106,"column":16},"end":{"line":106,"column":22},"skip":true},"30":{"start":{"line":108,"column":12},"end":{"line":120,"column":13},"skip":true},"31":{"start":{"line":114,"column":16},"end":{"line":119,"column":17},"skip":true},"32":{"start":{"line":116,"column":20},"end":{"line":116,"column":78},"skip":true},"33":{"start":{"line":118,"column":20},"end":{"line":118,"column":47},"skip":true},"34":{"start":{"line":123,"column":8},"end":{"line":141,"column":11},"skip":true},"35":{"start":{"line":124,"column":12},"end":{"line":124,"column":54},"skip":true},"36":{"start":{"line":125,"column":12},"end":{"line":140,"column":14},"skip":true},"37":{"start":{"line":126,"column":16},"end":{"line":126,"column":28},"skip":true},"38":{"start":{"line":127,"column":16},"end":{"line":127,"column":69},"skip":true},"39":{"start":{"line":128,"column":16},"end":{"line":128,"column":75},"skip":true},"40":{"start":{"line":129,"column":16},"end":{"line":131,"column":17},"skip":true},"41":{"start":{"line":130,"column":20},"end":{"line":130,"column":27},"skip":true},"42":{"start":{"line":133,"column":16},"end":{"line":137,"column":36},"skip":true},"43":{"start":{"line":134,"column":20},"end":{"line":136,"column":55},"skip":true},"44":{"start":{"line":139,"column":16},"end":{"line":139,"column":57},"skip":true},"45":{"start":{"line":143,"column":8},"end":{"line":147,"column":11},"skip":true},"46":{"start":{"line":144,"column":12},"end":{"line":146,"column":15},"skip":true},"47":{"start":{"line":145,"column":16},"end":{"line":145,"column":70},"skip":true},"48":{"start":{"line":149,"column":8},"end":{"line":149,"column":31},"skip":true},"49":{"start":{"line":150,"column":8},"end":{"line":150,"column":14},"skip":true},"50":{"start":{"line":158,"column":8},"end":{"line":158,"column":31},"skip":true},"51":{"start":{"line":160,"column":8},"end":{"line":160,"column":33},"skip":true},"52":{"start":{"line":161,"column":8},"end":{"line":161,"column":37},"skip":true},"53":{"start":{"line":162,"column":8},"end":{"line":162,"column":35},"skip":true},"54":{"start":{"line":164,"column":8},"end":{"line":164,"column":50},"skip":true},"55":{"start":{"line":166,"column":8},"end":{"line":256,"column":2},"skip":true},"56":{"start":{"line":258,"column":8},"end":{"line":286,"column":9},"skip":true},"57":{"start":{"line":259,"column":12},"end":{"line":269,"column":14},"skip":true},"58":{"start":{"line":271,"column":12},"end":{"line":285,"column":19},"skip":true},"59":{"start":{"line":274,"column":20},"end":{"line":274,"column":35},"skip":true},"60":{"start":{"line":275,"column":20},"end":{"line":284,"column":21},"skip":true},"61":{"start":{"line":277,"column":24},"end":{"line":277,"column":64},"skip":true},"62":{"start":{"line":279,"column":24},"end":{"line":279,"column":40},"skip":true},"63":{"start":{"line":281,"column":24},"end":{"line":281,"column":40},"skip":true},"64":{"start":{"line":283,"column":24},"end":{"line":283,"column":39},"skip":true},"65":{"start":{"line":288,"column":8},"end":{"line":290,"column":9},"skip":true},"66":{"start":{"line":289,"column":12},"end":{"line":289,"column":18},"skip":true},"67":{"start":{"line":291,"column":8},"end":{"line":293,"column":54},"skip":true},"68":{"start":{"line":296,"column":8},"end":{"line":301,"column":37},"skip":true},"69":{"start":{"line":303,"column":8},"end":{"line":303,"column":82},"skip":true},"70":{"start":{"line":306,"column":8},"end":{"line":308,"column":9},"skip":true},"71":{"start":{"line":307,"column":12},"end":{"line":307,"column":82},"skip":true},"72":{"start":{"line":310,"column":8},"end":{"line":312,"column":9},"skip":true},"73":{"start":{"line":311,"column":12},"end":{"line":311,"column":18},"skip":true},"74":{"start":{"line":313,"column":8},"end":{"line":313,"column":54},"skip":true},"75":{"start":{"line":314,"column":8},"end":{"line":314,"column":69},"skip":true},"76":{"start":{"line":315,"column":8},"end":{"line":323,"column":36},"skip":true},"77":{"start":{"line":316,"column":12},"end":{"line":316,"column":61},"skip":true},"78":{"start":{"line":317,"column":12},"end":{"line":320,"column":13},"skip":true},"79":{"start":{"line":318,"column":16},"end":{"line":318,"column":75},"skip":true},"80":{"start":{"line":319,"column":16},"end":{"line":319,"column":23},"skip":true},"81":{"start":{"line":321,"column":12},"end":{"line":321,"column":38},"skip":true},"82":{"start":{"line":322,"column":12},"end":{"line":322,"column":27},"skip":true},"83":{"start":{"line":324,"column":8},"end":{"line":324,"column":14},"skip":true}},"branchMap":{"1":{"line":39,"type":"binary-expr","locations":[{"start":{"line":39,"column":23},"end":{"line":39,"column":62}},{"start":{"line":40,"column":20},"end":{"line":40,"column":70}},{"start":{"line":41,"column":20},"end":{"line":41,"column":71}},{"start":{"line":42,"column":20},"end":{"line":42,"column":29}}]},"2":{"line":44,"type":"binary-expr","locations":[{"start":{"line":44,"column":23},"end":{"line":44,"column":37}},{"start":{"line":45,"column":20},"end":{"line":45,"column":61}},{"start":{"line":46,"column":20},"end":{"line":46,"column":70}},{"start":{"line":47,"column":20},"end":{"line":47,"column":26}}]},"3":{"line":51,"type":"cond-expr","locations":[{"start":{"line":52,"column":14},"end":{"line":52,"column":20}},{"start":{"line":53,"column":14},"end":{"line":53,"column":20}}]},"4":{"line":55,"type":"binary-expr","locations":[{"start":{"line":55,"column":16},"end":{"line":55,"column":44}},{"start":{"line":55,"column":49},"end":{"line":57,"column":43}}]},"5":{"line":55,"type":"cond-expr","locations":[{"start":{"line":56,"column":14},"end":{"line":56,"column":52}},{"start":{"line":57,"column":14},"end":{"line":57,"column":43}}]},"6":{"line":61,"type":"switch","locations":[{"start":{"line":68,"column":4},"end":{"line":150,"column":14},"skip":true},{"start":{"line":156,"column":4},"end":{"line":324,"column":14},"skip":true}]},"7":{"line":70,"type":"if","locations":[{"start":{"line":70,"column":12},"end":{"line":70,"column":12},"skip":true},{"start":{"line":70,"column":12},"end":{"line":70,"column":12},"skip":true}]},"8":{"line":70,"type":"binary-expr","locations":[{"start":{"line":70,"column":16},"end":{"line":70,"column":22},"skip":true},{"start":{"line":70,"column":27},"end":{"line":70,"column":32},"skip":true},{"start":{"line":71,"column":20},"end":{"line":71,"column":39},"skip":true},{"start":{"line":72,"column":20},"end":{"line":72,"column":49},"skip":true},{"start":{"line":73,"column":20},"end":{"line":73,"column":58},"skip":true},{"start":{"line":74,"column":20},"end":{"line":74,"column":69},"skip":true}]},"9":{"line":79,"type":"switch","locations":[{"start":{"line":80,"column":20},"end":{"line":80,"column":33},"skip":true},{"start":{"line":81,"column":20},"end":{"line":83,"column":30},"skip":true},{"start":{"line":84,"column":20},"end":{"line":85,"column":49},"skip":true}]},"10":{"line":89,"type":"switch","locations":[{"start":{"line":90,"column":12},"end":{"line":103,"column":22},"skip":true},{"start":{"line":105,"column":12},"end":{"line":106,"column":22},"skip":true}]},"11":{"line":89,"type":"binary-expr","locations":[{"start":{"line":89,"column":20},"end":{"line":89,"column":25},"skip":true},{"start":{"line":89,"column":29},"end":{"line":89,"column":48},"skip":true},{"start":{"line":89,"column":52},"end":{"line":89,"column":74},"skip":true}]},"12":{"line":92,"type":"if","locations":[{"start":{"line":92,"column":16},"end":{"line":92,"column":16},"skip":true},{"start":{"line":92,"column":16},"end":{"line":92,"column":16},"skip":true}]},"13":{"line":108,"type":"if","locations":[{"start":{"line":108,"column":12},"end":{"line":108,"column":12},"skip":true},{"start":{"line":108,"column":12},"end":{"line":108,"column":12},"skip":true}]},"14":{"line":108,"type":"binary-expr","locations":[{"start":{"line":108,"column":16},"end":{"line":108,"column":61},"skip":true},{"start":{"line":108,"column":66},"end":{"line":108,"column":72},"skip":true},{"start":{"line":108,"column":77},"end":{"line":108,"column":82},"skip":true},{"start":{"line":109,"column":20},"end":{"line":109,"column":39},"skip":true},{"start":{"line":110,"column":20},"end":{"line":110,"column":49},"skip":true},{"start":{"line":111,"column":20},"end":{"line":111,"column":58},"skip":true},{"start":{"line":112,"column":20},"end":{"line":112,"column":68},"skip":true}]},"15":{"line":129,"type":"if","locations":[{"start":{"line":129,"column":16},"end":{"line":129,"column":16},"skip":true},{"start":{"line":129,"column":16},"end":{"line":129,"column":16},"skip":true}]},"16":{"line":134,"type":"cond-expr","locations":[{"start":{"line":135,"column":26},"end":{"line":135,"column":29},"skip":true},{"start":{"line":136,"column":26},"end":{"line":136,"column":54},"skip":true}]},"17":{"line":164,"type":"binary-expr","locations":[{"start":{"line":164,"column":27},"end":{"line":164,"column":43},"skip":true},{"start":{"line":164,"column":47},"end":{"line":164,"column":49},"skip":true}]},"18":{"line":258,"type":"if","locations":[{"start":{"line":258,"column":8},"end":{"line":258,"column":8},"skip":true},{"start":{"line":258,"column":8},"end":{"line":258,"column":8},"skip":true}]},"19":{"line":275,"type":"switch","locations":[{"start":{"line":276,"column":20},"end":{"line":277,"column":64},"skip":true},{"start":{"line":278,"column":20},"end":{"line":279,"column":40},"skip":true},{"start":{"line":280,"column":20},"end":{"line":281,"column":40},"skip":true},{"start":{"line":282,"column":20},"end":{"line":283,"column":39},"skip":true}]},"20":{"line":288,"type":"if","locations":[{"start":{"line":288,"column":8},"end":{"line":288,"column":8},"skip":true},{"start":{"line":288,"column":8},"end":{"line":288,"column":8},"skip":true}]},"21":{"line":288,"type":"binary-expr","locations":[{"start":{"line":288,"column":12},"end":{"line":288,"column":40},"skip":true},{"start":{"line":288,"column":44},"end":{"line":288,"column":67},"skip":true}]},"22":{"line":292,"type":"binary-expr","locations":[{"start":{"line":292,"column":12},"end":{"line":292,"column":50},"skip":true},{"start":{"line":293,"column":12},"end":{"line":293,"column":53},"skip":true}]},"23":{"line":297,"type":"binary-expr","locations":[{"start":{"line":297,"column":12},"end":{"line":297,"column":66},"skip":true},{"start":{"line":298,"column":12},"end":{"line":301,"column":36},"skip":true}]},"24":{"line":303,"type":"binary-expr","locations":[{"start":{"line":303,"column":43},"end":{"line":303,"column":75},"skip":true},{"start":{"line":303,"column":79},"end":{"line":303,"column":81},"skip":true}]},"25":{"line":306,"type":"if","locations":[{"start":{"line":306,"column":8},"end":{"line":306,"column":8},"skip":true},{"start":{"line":306,"column":8},"end":{"line":306,"column":8},"skip":true}]},"26":{"line":310,"type":"if","locations":[{"start":{"line":310,"column":8},"end":{"line":310,"column":8},"skip":true},{"start":{"line":310,"column":8},"end":{"line":310,"column":8},"skip":true}]},"27":{"line":313,"type":"binary-expr","locations":[{"start":{"line":313,"column":27},"end":{"line":313,"column":43},"skip":true},{"start":{"line":313,"column":47},"end":{"line":313,"column":53},"skip":true}]},"28":{"line":317,"type":"if","locations":[{"start":{"line":317,"column":12},"end":{"line":317,"column":12},"skip":true},{"start":{"line":317,"column":12},"end":{"line":317,"column":12},"skip":true}]}},"code":["/*","example.js","","quickstart example","","instruction","    1. save this script as example.js","    2. run the shell command:","        $ npm install npmtest-es5-shim && PORT=8081 node example.js","    3. play with the browser-demo on http://127.0.0.1:8081","*/","","","","/* istanbul instrument in package npmtest_es5_shim */","/*jslint","    bitwise: true,","    browser: true,","    maxerr: 8,","    maxlen: 96,","    node: true,","    nomen: true,","    regexp: true,","    stupid: true","*/","(function () {","    'use strict';","    var local;","","","","    // run shared js-env code - init-before","    (function () {","        // init local","        local = {};","        // init modeJs","        local.modeJs = (function () {","            try {","                return typeof navigator.userAgent === 'string' &&","                    typeof document.querySelector('body') === 'object' &&","                    typeof XMLHttpRequest.prototype.open === 'function' &&","                    'browser';","            } catch (errorCaughtBrowser) {","                return module.exports &&","                    typeof process.versions.node === 'string' &&","                    typeof require('http').createServer === 'function' &&","                    'node';","            }","        }());","        // init global","        local.global = local.modeJs === 'browser'","            ? window","            : global;","        // init utility2_rollup","        local = local.global.utility2_rollup || (local.modeJs === 'browser'","            ? local.global.utility2_npmtest_es5_shim","            : global.utility2_moduleExports);","        // export local","        local.global.local = local;","    }());","    switch (local.modeJs) {","","","","    // init-after","    // run browser js-env code - init-after","    /* istanbul ignore next */","    case 'browser':","        local.testRunBrowser = function (event) {","            if (!event || (event &&","                    event.currentTarget &&","                    event.currentTarget.className &&","                    event.currentTarget.className.includes &&","                    event.currentTarget.className.includes('onreset'))) {","                // reset output","                Array.from(","                    document.querySelectorAll('body > .resettable')","                ).forEach(function (element) {","                    switch (element.tagName) {","                    case 'INPUT':","                    case 'TEXTAREA':","                        element.value = '';","                        break;","                    default:","                        element.textContent = '';","                    }","                });","            }","            switch (event && event.currentTarget && event.currentTarget.id) {","            case 'testRunButton1':","                // show tests","                if (document.querySelector('#testReportDiv1').style.display === 'none') {","                    document.querySelector('#testReportDiv1').style.display = 'block';","                    document.querySelector('#testRunButton1').textContent =","                        'hide internal test';","                    local.modeTest = true;","                    local.testRunDefault(local);","                // hide tests","                } else {","                    document.querySelector('#testReportDiv1').style.display = 'none';","                    document.querySelector('#testRunButton1').textContent = 'run internal test';","                }","                break;","            // custom-case","            default:","                break;","            }","            if (document.querySelector('#inputTextareaEval1') && (!event || (event &&","                    event.currentTarget &&","                    event.currentTarget.className &&","                    event.currentTarget.className.includes &&","                    event.currentTarget.className.includes('oneval')))) {","                // try to eval input-code","                try {","                    /*jslint evil: true*/","                    eval(document.querySelector('#inputTextareaEval1').value);","                } catch (errorCaught) {","                    console.error(errorCaught);","                }","            }","        };","        // log stderr and stdout to #outputTextareaStdout1","        ['error', 'log'].forEach(function (key) {","            console[key + '_original'] = console[key];","            console[key] = function () {","                var element;","                console[key + '_original'].apply(console, arguments);","                element = document.querySelector('#outputTextareaStdout1');","                if (!element) {","                    return;","                }","                // append text to #outputTextareaStdout1","                element.value += Array.from(arguments).map(function (arg) {","                    return typeof arg === 'string'","                        ? arg","                        : JSON.stringify(arg, null, 4);","                }).join(' ') + '\\n';","                // scroll textarea to bottom","                element.scrollTop = element.scrollHeight;","            };","        });","        // init event-handling","        ['change', 'click', 'keyup'].forEach(function (event) {","            Array.from(document.querySelectorAll('.on' + event)).forEach(function (element) {","                element.addEventListener(event, local.testRunBrowser);","            });","        });","        // run tests","        local.testRunBrowser();","        break;","","","","    // run node js-env code - init-after","    /* istanbul ignore next */","    case 'node':","        // export local","        module.exports = local;","        // require modules","        local.fs = require('fs');","        local.http = require('http');","        local.url = require('url');","        // init assets","        local.assetsDict = local.assetsDict || {};","        /* jslint-ignore-begin */","        local.assetsDict['/assets.index.template.html'] = '\\","<!doctype html>\\n\\","<html lang=\"en\">\\n\\","<head>\\n\\","<meta charset=\"UTF-8\">\\n\\","<meta name=\"viewport\" content=\"width=device-width, initial-scale=1\">\\n\\","<title>{{env.npm_package_name}} (v{{env.npm_package_version}})</title>\\n\\","<style>\\n\\","/*csslint\\n\\","    box-sizing: false,\\n\\","    universal-selector: false\\n\\","*/\\n\\","* {\\n\\","    box-sizing: border-box;\\n\\","}\\n\\","body {\\n\\","    background: #dde;\\n\\","    font-family: Arial, Helvetica, sans-serif;\\n\\","    margin: 2rem;\\n\\","}\\n\\","body > * {\\n\\","    margin-bottom: 1rem;\\n\\","}\\n\\",".utility2FooterDiv {\\n\\","    margin-top: 20px;\\n\\","    text-align: center;\\n\\","}\\n\\","</style>\\n\\","<style>\\n\\","/*csslint\\n\\","*/\\n\\","textarea {\\n\\","    font-family: monospace;\\n\\","    height: 10rem;\\n\\","    width: 100%;\\n\\","}\\n\\","textarea[readonly] {\\n\\","    background: #ddd;\\n\\","}\\n\\","</style>\\n\\","</head>\\n\\","<body>\\n\\","<!-- utility2-comment\\n\\","<div id=\"ajaxProgressDiv1\" style=\"background: #d00; height: 2px; left: 0; margin: 0; padding: 0; position: fixed; top: 0; transition: background 0.5s, width 1.5s; width: 25%;\"></div>\\n\\","utility2-comment -->\\n\\","<h1>\\n\\","<!-- utility2-comment\\n\\","    <a\\n\\","        {{#if env.npm_package_homepage}}\\n\\","        href=\"{{env.npm_package_homepage}}\"\\n\\","        {{/if env.npm_package_homepage}}\\n\\","        target=\"_blank\"\\n\\","    >\\n\\","utility2-comment -->\\n\\","        {{env.npm_package_name}} (v{{env.npm_package_version}})\\n\\","<!-- utility2-comment\\n\\","    </a>\\n\\","utility2-comment -->\\n\\","</h1>\\n\\","<h3>{{env.npm_package_description}}</h3>\\n\\","<!-- utility2-comment\\n\\","<h4><a download href=\"assets.app.js\">download standalone app</a></h4>\\n\\","<button class=\"onclick onreset\" id=\"testRunButton1\">run internal test</button><br>\\n\\","<div id=\"testReportDiv1\" style=\"display: none;\"></div>\\n\\","utility2-comment -->\\n\\","\\n\\","\\n\\","\\n\\","<label>stderr and stdout</label>\\n\\","<textarea class=\"resettable\" id=\"outputTextareaStdout1\" readonly></textarea>\\n\\","<!-- utility2-comment\\n\\","{{#if isRollup}}\\n\\","<script src=\"assets.app.js\"></script>\\n\\","{{#unless isRollup}}\\n\\","utility2-comment -->\\n\\","<script src=\"assets.utility2.rollup.js\"></script>\\n\\","<script src=\"jsonp.utility2._stateInit?callback=window.utility2._stateInit\"></script>\\n\\","<script src=\"assets.npmtest_es5_shim.rollup.js\"></script>\\n\\","<script src=\"assets.example.js\"></script>\\n\\","<script src=\"assets.test.js\"></script>\\n\\","<!-- utility2-comment\\n\\","{{/if isRollup}}\\n\\","utility2-comment -->\\n\\","<div class=\"utility2FooterDiv\">\\n\\","    [ this app was created with\\n\\","    <a href=\"https://github.com/kaizhu256/node-utility2\" target=\"_blank\">utility2</a>\\n\\","    ]\\n\\","</div>\\n\\","</body>\\n\\","</html>\\n\\","';","        /* jslint-ignore-end */","        if (local.templateRender) {","            local.assetsDict['/'] = local.templateRender(","                local.assetsDict['/assets.index.template.html'],","                {","                    env: local.objectSetDefault(local.env, {","                        npm_package_description: 'the greatest app in the world!',","                        npm_package_name: 'my-app',","                        npm_package_nameAlias: 'my_app',","                        npm_package_version: '0.0.1'","                    })","                }","            );","        } else {","            local.assetsDict['/'] = local.assetsDict['/assets.index.template.html']","                .replace((/\\{\\{env\\.(\\w+?)\\}\\}/g), function (match0, match1) {","                    // jslint-hack","                    String(match0);","                    switch (match1) {","                    case 'npm_package_description':","                        return 'the greatest app in the world!';","                    case 'npm_package_name':","                        return 'my-app';","                    case 'npm_package_nameAlias':","                        return 'my_app';","                    case 'npm_package_version':","                        return '0.0.1';","                    }","                });","        }","        // run the cli","        if (local.global.utility2_rollup || module !== require.main) {","            break;","        }","        local.assetsDict['/assets.example.js'] =","            local.assetsDict['/assets.example.js'] ||","            local.fs.readFileSync(__filename, 'utf8');","        // bug-workaround - long $npm_package_buildCustomOrg","        /* jslint-ignore-begin */","        local.assetsDict['/assets.npmtest_es5_shim.rollup.js'] =","            local.assetsDict['/assets.npmtest_es5_shim.rollup.js'] ||","            local.fs.readFileSync(","                local.npmtest_es5_shim.__dirname + '/lib.npmtest_es5_shim.js',","                'utf8'","            ).replace((/^#!/), '//');","        /* jslint-ignore-end */","        local.assetsDict['/favicon.ico'] = local.assetsDict['/favicon.ico'] || '';","        // if $npm_config_timeout_exit exists,","        // then exit this process after $npm_config_timeout_exit ms","        if (Number(process.env.npm_config_timeout_exit)) {","            setTimeout(process.exit, Number(process.env.npm_config_timeout_exit));","        }","        // start server","        if (local.global.utility2_serverHttp1) {","            break;","        }","        process.env.PORT = process.env.PORT || '8081';","        console.error('server starting on port ' + process.env.PORT);","        local.http.createServer(function (request, response) {","            request.urlParsed = local.url.parse(request.url);","            if (local.assetsDict[request.urlParsed.pathname] !== undefined) {","                response.end(local.assetsDict[request.urlParsed.pathname]);","                return;","            }","            response.statusCode = 404;","            response.end();","        }).listen(process.env.PORT);","        break;","    }","}());",""],"l":{"26":2,"28":2,"33":2,"35":2,"37":2,"38":2,"39":2,"44":1,"51":2,"55":2,"59":2,"61":2,"69":1,"70":2,"76":2,"79":2,"82":2,"83":2,"85":1,"89":2,"92":1,"93":1,"94":1,"96":1,"97":1,"100":1,"101":1,"103":1,"106":1,"108":2,"114":1,"116":1,"118":1,"123":1,"124":2,"125":2,"126":3,"127":3,"128":3,"129":3,"130":1,"133":3,"134":3,"139":3,"143":1,"144":3,"145":1,"149":1,"150":1,"158":1,"160":1,"161":1,"162":1,"164":1,"166":1,"258":1,"259":1,"271":1,"274":6,"275":6,"277":1,"279":2,"281":1,"283":2,"288":1,"289":1,"291":1,"296":1,"303":1,"306":1,"307":1,"310":1,"311":1,"313":1,"314":1,"315":1,"316":1,"317":1,"318":1,"319":1,"321":1,"322":1,"324":1}},"/home/travis/build/npmtest/node-npmtest-es5-shim/node_modules/es5-shim/es5-shim.js":{"path":"/home/travis/build/npmtest/node-npmtest-es5-shim/node_modules/es5-shim/es5-shim.js","s":{"1":1,"2":1,"3":0,"4":1,"5":1,"6":0,"7":1,"8":1,"9":1,"10":1,"11":1,"12":1,"13":1,"14":1,"15":1,"16":1,"17":1,"18":1,"19":1,"20":1,"21":1,"22":1,"23":1,"24":1,"25":1,"26":1,"27":1,"28":1,"29":1,"30":1,"31":71,"32":71,"33":71,"34":71,"35":71,"36":71,"37":0,"38":71,"39":71,"40":0,"41":71,"42":71,"43":0,"44":71,"45":0,"46":71,"47":0,"48":71,"49":71,"50":0,"51":0,"52":0,"53":0,"54":1,"55":1,"56":0,"57":0,"58":0,"59":0,"60":1,"61":0,"62":0,"63":0,"64":1,"65":1,"66":0,"67":0,"68":0,"69":0,"70":1,"71":0,"72":0,"73":0,"74":0,"75":0,"76":1,"77":1,"78":1,"79":1,"80":1,"81":0,"82":1,"83":0,"84":1,"85":1,"86":1,"87":1,"88":281,"89":33,"90":248,"91":0,"92":0,"93":0,"94":0,"95":1,"96":275,"97":281,"98":281,"99":1,"100":242,"101":242,"102":1,"103":0,"104":1,"105":0,"106":0,"107":0,"108":0,"109":0,"110":0,"111":0,"112":0,"113":0,"114":0,"115":0,"116":0,"117":0,"118":0,"119":0,"120":0,"121":0,"122":0,"123":0,"124":0,"125":0,"126":0,"127":0,"128":0,"129":1,"130":1,"131":0,"132":0,"133":0,"134":0,"135":0,"136":0,"137":0,"138":0,"139":0,"140":0,"141":0,"142":0,"143":0,"144":0,"145":0,"146":0,"147":0,"148":0,"149":0,"150":0,"151":0,"152":0,"153":1,"154":1,"155":1,"156":1,"157":1,"158":1,"159":1,"160":1,"161":1,"162":1,"163":1,"164":0,"165":1,"166":1,"167":0,"168":0,"169":1,"170":1,"171":1,"172":1,"173":5,"174":5,"175":5,"176":5,"177":5,"178":5,"179":13,"180":0,"181":5,"182":5,"183":0,"184":5,"185":1,"186":0,"187":0,"188":0,"189":0,"190":0,"191":0,"192":0,"193":0,"194":0,"195":0,"196":0,"197":0,"198":0,"199":0,"200":1,"201":0,"202":0,"203":0,"204":0,"205":0,"206":0,"207":0,"208":0,"209":0,"210":0,"211":0,"212":0,"213":0,"214":0,"215":0,"216":1,"217":0,"218":0,"219":0,"220":0,"221":0,"222":0,"223":0,"224":0,"225":0,"226":0,"227":0,"228":0,"229":0,"230":0,"231":0,"232":0,"233":1,"234":0,"235":0,"236":0,"237":0,"238":0,"239":0,"240":0,"241":0,"242":0,"243":0,"244":0,"245":0,"246":1,"247":0,"248":0,"249":0,"250":0,"251":0,"252":0,"253":0,"254":0,"255":0,"256":0,"257":0,"258":0,"259":1,"260":1,"261":1,"262":2,"263":1,"264":0,"265":0,"266":0,"267":0,"268":0,"269":0,"270":0,"271":0,"272":0,"273":0,"274":0,"275":0,"276":0,"277":0,"278":0,"279":0,"280":0,"281":0,"282":0,"283":0,"284":0,"285":1,"286":1,"287":1,"288":2,"289":1,"290":0,"291":0,"292":0,"293":0,"294":0,"295":0,"296":0,"297":0,"298":0,"299":0,"300":0,"301":0,"302":0,"303":0,"304":0,"305":0,"306":0,"307":0,"308":0,"309":0,"310":0,"311":0,"312":0,"313":1,"314":1,"315":0,"316":0,"317":0,"318":0,"319":0,"320":0,"321":0,"322":0,"323":0,"324":0,"325":0,"326":0,"327":1,"328":1,"329":0,"330":0,"331":0,"332":0,"333":0,"334":0,"335":0,"336":0,"337":0,"338":0,"339":0,"340":0,"341":1,"342":1,"343":1,"344":1,"345":1,"346":0,"347":0,"348":0,"349":1,"350":1,"351":1,"352":1,"353":1,"354":0,"355":0,"356":0,"357":0,"358":0,"359":0,"360":0,"361":0,"362":0,"363":0,"364":1,"365":1,"366":1,"367":1,"368":1,"369":1,"370":1,"371":1,"372":1,"373":1,"374":1,"375":1,"376":0,"377":0,"378":0,"379":0,"380":0,"381":0,"382":0,"383":0,"384":0,"385":0,"386":0,"387":0,"388":0,"389":0,"390":0,"391":0,"392":0,"393":0,"394":0,"395":0,"396":0,"397":0,"398":0,"399":0,"400":0,"401":0,"402":0,"403":0,"404":0,"405":0,"406":0,"407":0,"408":0,"409":0,"410":0,"411":0,"412":0,"413":0,"414":0,"415":0,"416":0,"417":0,"418":0,"419":0,"420":0,"421":0,"422":1,"423":1,"424":1,"425":1,"426":0,"427":1,"428":0,"429":0,"430":0,"431":1,"432":1,"433":0,"434":0,"435":0,"436":1,"437":0,"438":0,"439":0,"440":0,"441":0,"442":0,"443":0,"444":0,"445":1,"446":1,"447":1,"448":1,"449":1,"450":0,"451":0,"452":0,"453":1,"454":1,"455":1,"456":1,"457":1,"458":1,"459":0,"460":0,"461":1,"462":1,"463":1,"464":1,"465":1,"466":0,"467":1,"468":1,"469":1,"470":1,"471":0,"472":1,"473":1,"474":1,"475":1,"476":0,"477":1,"478":109,"479":38,"480":71,"481":0,"482":71,"483":1,"484":1,"485":1,"486":1,"487":0,"488":0,"489":1,"490":1,"491":1,"492":1,"493":0,"494":0,"495":0,"496":0,"497":0,"498":0,"499":1,"500":0,"501":0,"502":0,"503":0,"504":0,"505":1,"506":1,"507":1,"508":873,"509":1,"510":0,"511":1,"512":1,"513":0,"514":0,"515":0,"516":0,"517":0,"518":0,"519":0,"520":0,"521":0,"522":0,"523":0,"524":0,"525":0,"526":0,"527":0,"528":0,"529":0,"530":0,"531":0,"532":0,"533":0,"534":0,"535":1,"536":1,"537":1,"538":1,"539":1,"540":1,"541":1,"542":872,"543":0,"544":872,"545":1,"546":1,"547":1,"548":1,"549":1,"550":1,"551":1,"552":1,"553":0,"554":0,"555":1,"556":1,"557":1,"558":1,"559":1,"560":1,"561":1,"562":1,"563":1,"564":1,"565":1,"566":1,"567":1,"568":1,"569":1,"570":1,"571":0,"572":1,"573":0,"574":0,"575":0,"576":0,"577":0,"578":0,"579":0,"580":0,"581":0,"582":0,"583":0,"584":0,"585":0,"586":0,"587":0,"588":0,"589":0,"590":0,"591":0,"592":0,"593":0,"594":0,"595":0,"596":0,"597":0,"598":0,"599":0,"600":0,"601":0,"602":0,"603":0,"604":0,"605":0,"606":0,"607":0,"608":0,"609":0,"610":0,"611":0,"612":0,"613":0,"614":0,"615":0,"616":0,"617":0,"618":0,"619":0,"620":0,"621":1,"622":0,"623":0,"624":0,"625":0,"626":0,"627":0,"628":0,"629":0,"630":0,"631":0,"632":1,"633":0,"634":0,"635":0,"636":0,"637":0,"638":0,"639":0,"640":1,"641":0,"642":0,"643":0,"644":0,"645":0,"646":0,"647":0,"648":0,"649":0,"650":0,"651":0,"652":0,"653":0,"654":0,"655":0,"656":0,"657":1,"658":1,"659":1,"660":1,"661":1,"662":1,"663":0,"664":0,"665":0,"666":0,"667":0,"668":0,"669":0,"670":0,"671":0,"672":0,"673":0,"674":1,"675":1,"676":1,"677":1,"678":0,"679":1,"680":0,"681":0,"682":0,"683":0,"684":0,"685":0,"686":0,"687":0,"688":0,"689":1,"690":1,"691":1,"692":1,"693":1,"694":1,"695":1,"696":1,"697":242,"698":242,"699":242,"700":241,"701":241,"702":241,"703":0,"704":0,"705":0,"706":0,"707":241,"708":1,"709":242,"710":241,"711":242,"712":1,"713":1,"714":1,"715":0,"716":0,"717":1,"718":0,"719":0,"720":0,"721":0,"722":0,"723":0,"724":0,"725":0,"726":1,"727":0,"728":0,"729":1,"730":1,"731":1,"732":1,"733":1,"734":1,"735":0,"736":0,"737":0,"738":0,"739":0,"740":0,"741":0,"742":0,"743":0,"744":0,"745":1,"746":1,"747":1,"748":1,"749":0,"750":0,"751":1,"752":1,"753":0,"754":0,"755":0,"756":0,"757":0,"758":0,"759":0,"760":0,"761":0,"762":0,"763":0,"764":0,"765":0,"766":0,"767":0,"768":0,"769":0,"770":0,"771":0,"772":0,"773":0,"774":0,"775":0,"776":0,"777":0,"778":0,"779":0,"780":0,"781":0,"782":0,"783":0,"784":1,"785":0,"786":0,"787":0,"788":0,"789":0,"790":0,"791":0,"792":0,"793":0,"794":0,"795":0,"796":0,"797":0,"798":0,"799":0,"800":0,"801":0,"802":0,"803":0,"804":0,"805":0,"806":0,"807":0,"808":0,"809":0,"810":0,"811":0,"812":0,"813":0,"814":0,"815":0,"816":0,"817":0,"818":0,"819":0,"820":0,"821":0,"822":0,"823":0,"824":0,"825":0,"826":0,"827":0,"828":0,"829":0,"830":1,"831":1,"832":1,"833":1,"834":0,"835":1,"836":1,"837":0,"838":1,"839":0,"840":0,"841":0,"842":0,"843":0,"844":0,"845":0,"846":0,"847":0,"848":0,"849":0,"850":0,"851":0,"852":0,"853":0,"854":0,"855":0,"856":0,"857":0,"858":0,"859":0,"860":0,"861":0,"862":0,"863":0,"864":0,"865":0,"866":0,"867":0,"868":0,"869":0,"870":0,"871":0,"872":0,"873":0,"874":0,"875":0,"876":0,"877":0,"878":1,"879":0,"880":0,"881":0,"882":0,"883":1,"884":1,"885":1,"886":1,"887":1,"888":1,"889":1,"890":0,"891":0,"892":0,"893":0,"894":0,"895":0,"896":0,"897":0,"898":0,"899":0,"900":0,"901":0,"902":0,"903":0,"904":1,"905":1,"906":1,"907":0,"908":0,"909":0,"910":0,"911":1,"912":1,"913":1,"914":1,"915":1,"916":1,"917":1,"918":0,"919":0,"920":0,"921":1,"922":1,"923":1,"924":0,"925":0,"926":0,"927":0,"928":0,"929":0,"930":0,"931":0,"932":0,"933":0,"934":0,"935":0,"936":0,"937":0,"938":0,"939":1,"940":1,"941":0,"942":1,"943":0,"944":0,"945":0,"946":0,"947":0,"948":0,"949":1,"950":0,"951":0,"952":0,"953":0,"954":0,"955":1,"956":0,"957":0,"958":0,"959":0,"960":0,"961":0,"962":0,"963":0,"964":0,"965":0,"966":0,"967":0,"968":0,"969":0,"970":0,"971":0,"972":0,"973":0,"974":0,"975":1,"976":1,"977":2,"978":0,"979":0,"980":0,"981":0,"982":1,"983":1,"984":0,"985":1,"986":1,"987":0,"988":0,"989":0,"990":0,"991":0,"992":0,"993":0,"994":0,"995":0,"996":0},"b":{"1":[0,1],"2":[1,0],"3":[1,0],"4":[1,1],"5":[0,71],"6":[0,71],"7":[0,71],"8":[71,0],"9":[71,0],"10":[0,0],"11":[0,0],"12":[0,0],"13":[0,0],"14":[0,0],"15":[0,0],"16":[0,0],"17":[1,1],"18":[1,0],"19":[33,248],"20":[281,34],"21":[0,0],"22":[0,0],"23":[281,0],"24":[242,242,1],"25":[1,0],"26":[0,0],"27":[0,0],"28":[0,0,0],"29":[0,0],"30":[0,0],"31":[0,0],"32":[0,0],"33":[0,0],"34":[0,0],"35":[0,0],"36":[0,0],"37":[0,0],"38":[0,0],"39":[0,0],"40":[1,0],"41":[1,1],"42":[5,0],"43":[0,13],"44":[5,5,5,5],"45":[0,0],"46":[0,0],"47":[0,0],"48":[0,0],"49":[0,0],"50":[0,0],"51":[0,0],"52":[0,0],"53":[0,0],"54":[0,0],"55":[0,0],"56":[0,0],"57":[0,0],"58":[0,0],"59":[0,0],"60":[0,0],"61":[0,0],"62":[0,0],"63":[0,0],"64":[0,0],"65":[0,0],"66":[0,0],"67":[0,0],"68":[0,0],"69":[0,0],"70":[0,0],"71":[0,0],"72":[0,0],"73":[0,0],"74":[0,0],"75":[0,0],"76":[0,0],"77":[0,0],"78":[1,0],"79":[0,0],"80":[0,0],"81":[0,0],"82":[0,0],"83":[0,0],"84":[0,0],"85":[0,0],"86":[0,0],"87":[0,0],"88":[1,0],"89":[0,0],"90":[0,0],"91":[0,0],"92":[0,0],"93":[0,0],"94":[0,0],"95":[0,0],"96":[0,0],"97":[0,0],"98":[0,0],"99":[1,1],"100":[0,0],"101":[0,0],"102":[0,0],"103":[0,0],"104":[0,0],"105":[0,0],"106":[0,0],"107":[1,1],"108":[0,0],"109":[0,0],"110":[0,0],"111":[0,0],"112":[0,0],"113":[0,0],"114":[0,0],"115":[1,1,1],"116":[0,0],"117":[0,0],"118":[0,0],"119":[0,0],"120":[0,0],"121":[0,0],"122":[0,0],"123":[0,0],"124":[0,0],"125":[0,0],"126":[0,0],"127":[1,1],"128":[0,1],"129":[0,0],"130":[0,0],"131":[0,1],"132":[0,0],"133":[1,1,1,1],"134":[0,0],"135":[1,1,1,1],"136":[0,0],"137":[38,71],"138":[0,71],"139":[1,0,0],"140":[0,0],"141":[1,0],"142":[0,0],"143":[0,0,0,0],"144":[0,0],"145":[0,0],"146":[0,0,0,0,0,0],"147":[1,0],"148":[0,0],"149":[0,0],"150":[0,0],"151":[0,0,0],"152":[0,0],"153":[0,0],"154":[0,0,0],"155":[0,0],"156":[0,0],"157":[0,0],"158":[0,0],"159":[0,0],"160":[0,0],"161":[0,0],"162":[0,0],"163":[1,1],"164":[1,1],"165":[1,1,1],"166":[0,872],"167":[1,1],"168":[0,1],"169":[0,0],"170":[0,0],"171":[0,0],"172":[0,0],"173":[0,0],"174":[0,0],"175":[0,0],"176":[0,0],"177":[0,0],"178":[0,0],"179":[0,0],"180":[0,0],"181":[0,0],"182":[0,0],"183":[0,0],"184":[0,0],"185":[0,0],"186":[0,0],"187":[0,0],"188":[0,0],"189":[0,0],"190":[0,0],"191":[0,0],"192":[0,0],"193":[0,0],"194":[0,0],"195":[0,0],"196":[0,0],"197":[0,0],"198":[0,0],"199":[0,0],"200":[0,0],"201":[1,1],"202":[0,0],"203":[0,0],"204":[0,0],"205":[1,1],"206":[0,1],"207":[1,1],"208":[0,0],"209":[0,0],"210":[0,0],"211":[0,0],"212":[0,0],"213":[0,0],"214":[0,0],"215":[0,0],"216":[0,0],"217":[0,0],"218":[1,1],"219":[1,1],"220":[0,0],"221":[0,0],"222":[0,0],"223":[0,0],"224":[0,0],"225":[0,0],"226":[1,1],"227":[1,1,1,1],"228":[0,1],"229":[0,0],"230":[0,0],"231":[0,0],"232":[1,1,0],"233":[1,0],"234":[1,1,0],"235":[241,1],"236":[0,241],"237":[241,0,0],"238":[1,240],"239":[241,209],"240":[0,240],"241":[0,240],"242":[0,240],"243":[0,240],"244":[0,240],"245":[0,240],"246":[208,32],"247":[0,208],"248":[241,1],"249":[0,0],"250":[0,0],"251":[0,0],"252":[0,0],"253":[0,1],"254":[0,0],"255":[0,0],"256":[0,0],"257":[0,0],"258":[0,0],"259":[0,0],"260":[0,0],"261":[0,0],"262":[0,0],"263":[0,0],"264":[0,0,0],"265":[0,0],"266":[0,0,0,0,0,0,0,0,0,0],"267":[0,0],"268":[0,0],"269":[0,0],"270":[0,0],"271":[0,1],"272":[1,1,1,1,1],"273":[0,0],"274":[0,0,0],"275":[0,0],"276":[0,0],"277":[0,0],"278":[0,0],"279":[0,0],"280":[0,0],"281":[0,0],"282":[0,0],"283":[0,0],"284":[0,0],"285":[0,0],"286":[0,0],"287":[0,0],"288":[0,0],"289":[0,0],"290":[0,0],"291":[0,1],"292":[1,1,1,1,1,1],"293":[0,0],"294":[0,0],"295":[0,0],"296":[0,0],"297":[0,0],"298":[0,0],"299":[0,0],"300":[0,0],"301":[0,0],"302":[0,0],"303":[0,0],"304":[0,0],"305":[0,0],"306":[0,0],"307":[0,0],"308":[0,0],"309":[0,0],"310":[0,0],"311":[0,0],"312":[0,0],"313":[0,0],"314":[0,1],"315":[0,0],"316":[0,0],"317":[1,1],"318":[0,1],"319":[0,0],"320":[0,0],"321":[0,0],"322":[0,0],"323":[1,1],"324":[0,0],"325":[1,1,1],"326":[0,0],"327":[0,0],"328":[1,1],"329":[0,0],"330":[0,0],"331":[0,0],"332":[0,0],"333":[0,0],"334":[0,1],"335":[1,1],"336":[0,0],"337":[0,0],"338":[0,1],"339":[0,0],"340":[0,0],"341":[0,1],"342":[0,0],"343":[0,0],"344":[0,0],"345":[0,0],"346":[0,0],"347":[0,0],"348":[0,0],"349":[0,0],"350":[1,0],"351":[0,2],"352":[0,0],"353":[0,1],"354":[0,1],"355":[0,0],"356":[0,0],"357":[0,0]},"f":{"1":1,"2":1,"3":71,"4":71,"5":71,"6":0,"7":0,"8":0,"9":0,"10":1,"11":1,"12":281,"13":0,"14":275,"15":242,"16":0,"17":0,"18":0,"19":0,"20":0,"21":0,"22":0,"23":0,"24":0,"25":0,"26":5,"27":13,"28":5,"29":0,"30":0,"31":0,"32":0,"33":0,"34":2,"35":0,"36":2,"37":0,"38":0,"39":0,"40":1,"41":0,"42":1,"43":0,"44":1,"45":1,"46":0,"47":0,"48":0,"49":0,"50":1,"51":0,"52":1,"53":0,"54":1,"55":1,"56":1,"57":109,"58":0,"59":0,"60":1,"61":0,"62":873,"63":0,"64":0,"65":1,"66":1,"67":872,"68":0,"69":0,"70":0,"71":0,"72":0,"73":0,"74":0,"75":0,"76":0,"77":0,"78":0,"79":1,"80":1,"81":0,"82":1,"83":242,"84":0,"85":0,"86":1,"87":0,"88":0,"89":0,"90":0,"91":0,"92":0,"93":0,"94":1,"95":0,"96":0,"97":0,"98":0,"99":0,"100":1,"101":1,"102":0,"103":0,"104":0,"105":0,"106":0,"107":0,"108":0,"109":0,"110":0,"111":0,"112":0,"113":2,"114":0},"fnMap":{"1":{"name":"(anonymous_1)","line":14,"loc":{"start":{"line":14,"column":1},"end":{"line":14,"column":26}}},"2":{"name":"(anonymous_2)","line":30,"loc":{"start":{"line":30,"column":8},"end":{"line":30,"column":20}}},"3":{"name":"isES6ClassFn","line":70,"loc":{"start":{"line":70,"column":160},"end":{"line":70,"column":189}}},"4":{"name":"tryFunctionObject","line":70,"loc":{"start":{"line":70,"column":549},"end":{"line":70,"column":583}}},"5":{"name":"isCallable","line":70,"loc":{"start":{"line":70,"column":786},"end":{"line":70,"column":813}}},"6":{"name":"tryRegexExec","line":72,"loc":{"start":{"line":72,"column":117},"end":{"line":72,"column":146}}},"7":{"name":"isRegex","line":72,"loc":{"start":{"line":72,"column":265},"end":{"line":72,"column":289}}},"8":{"name":"tryStringObject","line":73,"loc":{"start":{"line":73,"column":124},"end":{"line":73,"column":156}}},"9":{"name":"isString","line":73,"loc":{"start":{"line":73,"column":276},"end":{"line":73,"column":301}}},"10":{"name":"(anonymous_10)","line":77,"loc":{"start":{"line":77,"column":57},"end":{"line":77,"column":69}}},"11":{"name":"(anonymous_11)","line":89,"loc":{"start":{"line":89,"column":28},"end":{"line":89,"column":43}}},"12":{"name":"(anonymous_12)","line":94,"loc":{"start":{"line":94,"column":29},"end":{"line":94,"column":74}}},"13":{"name":"(anonymous_13)","line":106,"loc":{"start":{"line":106,"column":29},"end":{"line":106,"column":74}}},"14":{"name":"defineProperties","line":113,"loc":{"start":{"line":113,"column":15},"end":{"line":113,"column":67}}},"15":{"name":"isPrimitive","line":128,"loc":{"start":{"line":128,"column":22},"end":{"line":128,"column":50}}},"16":{"name":"isActualNaN","line":133,"loc":{"start":{"line":133,"column":39},"end":{"line":133,"column":63}}},"17":{"name":"ToInteger","line":142,"loc":{"start":{"line":142,"column":19},"end":{"line":142,"column":43}}},"18":{"name":"ToPrimitive","line":153,"loc":{"start":{"line":153,"column":21},"end":{"line":153,"column":49}}},"19":{"name":"(anonymous_19)","line":178,"loc":{"start":{"line":178,"column":18},"end":{"line":178,"column":31}}},"20":{"name":"ToUint32","line":186,"loc":{"start":{"line":186,"column":18},"end":{"line":186,"column":39}}},"21":{"name":"Empty","line":199,"loc":{"start":{"line":199,"column":16},"end":{"line":199,"column":33}}},"22":{"name":"bind","line":202,"loc":{"start":{"line":202,"column":14},"end":{"line":202,"column":34}}},"23":{"name":"(anonymous_23)","line":223,"loc":{"start":{"line":223,"column":25},"end":{"line":223,"column":37}}},"24":{"name":"isArray","line":355,"loc":{"start":{"line":355,"column":36},"end":{"line":355,"column":58}}},"25":{"name":"(anonymous_25)","line":366,"loc":{"start":{"line":366,"column":17},"end":{"line":366,"column":29}}},"26":{"name":"properlyBoxed","line":398,"loc":{"start":{"line":398,"column":31},"end":{"line":398,"column":62}}},"27":{"name":"(anonymous_27)","line":405,"loc":{"start":{"line":405,"column":35},"end":{"line":405,"column":61}}},"28":{"name":"(anonymous_28)","line":411,"loc":{"start":{"line":411,"column":33},"end":{"line":411,"column":45}}},"29":{"name":"forEach","line":424,"loc":{"start":{"line":424,"column":17},"end":{"line":424,"column":59}}},"30":{"name":"map","line":457,"loc":{"start":{"line":457,"column":13},"end":{"line":457,"column":51}}},"31":{"name":"filter","line":489,"loc":{"start":{"line":489,"column":16},"end":{"line":489,"column":57}}},"32":{"name":"every","line":521,"loc":{"start":{"line":521,"column":15},"end":{"line":521,"column":55}}},"33":{"name":"some","line":548,"loc":{"start":{"line":548,"column":14},"end":{"line":548,"column":54}}},"34":{"name":"(anonymous_34)","line":576,"loc":{"start":{"line":576,"column":73},"end":{"line":576,"column":101}}},"35":{"name":"reduce","line":581,"loc":{"start":{"line":581,"column":16},"end":{"line":581,"column":62}}},"36":{"name":"(anonymous_36)","line":629,"loc":{"start":{"line":629,"column":83},"end":{"line":629,"column":111}}},"37":{"name":"reduceRight","line":634,"loc":{"start":{"line":634,"column":21},"end":{"line":634,"column":67}}},"38":{"name":"indexOf","line":686,"loc":{"start":{"line":686,"column":17},"end":{"line":686,"column":65}}},"39":{"name":"lastIndexOf","line":715,"loc":{"start":{"line":715,"column":21},"end":{"line":715,"column":73}}},"40":{"name":"(anonymous_40)","line":739,"loc":{"start":{"line":739,"column":39},"end":{"line":739,"column":51}}},"41":{"name":"splice","line":746,"loc":{"start":{"line":746,"column":16},"end":{"line":746,"column":52}}},"42":{"name":"(anonymous_42)","line":755,"loc":{"start":{"line":755,"column":38},"end":{"line":755,"column":50}}},"43":{"name":"splice","line":761,"loc":{"start":{"line":761,"column":16},"end":{"line":761,"column":52}}},"44":{"name":"(anonymous_44)","line":778,"loc":{"start":{"line":778,"column":44},"end":{"line":778,"column":56}}},"45":{"name":"(anonymous_45)","line":789,"loc":{"start":{"line":789,"column":44},"end":{"line":789,"column":56}}},"46":{"name":"splice","line":799,"loc":{"start":{"line":799,"column":16},"end":{"line":799,"column":52}}},"47":{"name":"join","line":872,"loc":{"start":{"line":872,"column":18},"end":{"line":872,"column":43}}},"48":{"name":"join","line":882,"loc":{"start":{"line":882,"column":18},"end":{"line":882,"column":43}}},"49":{"name":"push","line":889,"loc":{"start":{"line":889,"column":19},"end":{"line":889,"column":39}}},"50":{"name":"(anonymous_50)","line":901,"loc":{"start":{"line":901,"column":28},"end":{"line":901,"column":40}}},"51":{"name":"push","line":907,"loc":{"start":{"line":907,"column":14},"end":{"line":907,"column":34}}},"52":{"name":"(anonymous_52)","line":916,"loc":{"start":{"line":916,"column":32},"end":{"line":916,"column":44}}},"53":{"name":"(anonymous_53)","line":927,"loc":{"start":{"line":927,"column":15},"end":{"line":927,"column":37}}},"54":{"name":"(anonymous_54)","line":933,"loc":{"start":{"line":933,"column":35},"end":{"line":933,"column":47}}},"55":{"name":"(anonymous_55)","line":941,"loc":{"start":{"line":941,"column":29},"end":{"line":941,"column":41}}},"56":{"name":"(anonymous_56)","line":949,"loc":{"start":{"line":949,"column":32},"end":{"line":949,"column":44}}},"57":{"name":"sort","line":958,"loc":{"start":{"line":958,"column":14},"end":{"line":958,"column":39}}},"58":{"name":"(anonymous_58)","line":979,"loc":{"start":{"line":979,"column":33},"end":{"line":979,"column":45}}},"59":{"name":"(anonymous_59)","line":981,"loc":{"start":{"line":981,"column":37},"end":{"line":981,"column":50}}},"60":{"name":"(anonymous_60)","line":997,"loc":{"start":{"line":997,"column":36},"end":{"line":997,"column":48}}},"61":{"name":"(anonymous_61)","line":1013,"loc":{"start":{"line":1013,"column":47},"end":{"line":1013,"column":65}}},"62":{"name":"isArguments","line":1036,"loc":{"start":{"line":1036,"column":30},"end":{"line":1036,"column":58}}},"63":{"name":"isArguments","line":1039,"loc":{"start":{"line":1039,"column":28},"end":{"line":1039,"column":56}}},"64":{"name":"keys","line":1050,"loc":{"start":{"line":1050,"column":14},"end":{"line":1050,"column":36}}},"65":{"name":"(anonymous_65)","line":1089,"loc":{"start":{"line":1089,"column":50},"end":{"line":1089,"column":62}}},"66":{"name":"(anonymous_66)","line":1093,"loc":{"start":{"line":1093,"column":53},"end":{"line":1093,"column":65}}},"67":{"name":"keys","line":1099,"loc":{"start":{"line":1099,"column":14},"end":{"line":1099,"column":36}}},"68":{"name":"daysInMonth","line":1141,"loc":{"start":{"line":1141,"column":22},"end":{"line":1141,"column":56}}},"69":{"name":"getFullYear","line":1146,"loc":{"start":{"line":1146,"column":21},"end":{"line":1146,"column":44}}},"70":{"name":"getMonth","line":1156,"loc":{"start":{"line":1156,"column":18},"end":{"line":1156,"column":38}}},"71":{"name":"getDate","line":1167,"loc":{"start":{"line":1167,"column":17},"end":{"line":1167,"column":36}}},"72":{"name":"getUTCFullYear","line":1183,"loc":{"start":{"line":1183,"column":24},"end":{"line":1183,"column":50}}},"73":{"name":"getUTCMonth","line":1193,"loc":{"start":{"line":1193,"column":21},"end":{"line":1193,"column":44}}},"74":{"name":"getUTCDate","line":1204,"loc":{"start":{"line":1204,"column":20},"end":{"line":1204,"column":42}}},"75":{"name":"toUTCString","line":1223,"loc":{"start":{"line":1223,"column":21},"end":{"line":1223,"column":44}}},"76":{"name":"toDateString","line":1246,"loc":{"start":{"line":1246,"column":22},"end":{"line":1246,"column":46}}},"77":{"name":"toString","line":1263,"loc":{"start":{"line":1263,"column":34},"end":{"line":1263,"column":54}}},"78":{"name":"toISOString","line":1312,"loc":{"start":{"line":1312,"column":21},"end":{"line":1312,"column":44}}},"79":{"name":"(anonymous_79)","line":1349,"loc":{"start":{"line":1349,"column":33},"end":{"line":1349,"column":45}}},"80":{"name":"(anonymous_80)","line":1355,"loc":{"start":{"line":1355,"column":33},"end":{"line":1355,"column":45}}},"81":{"name":"toJSON","line":1362,"loc":{"start":{"line":1362,"column":32},"end":{"line":1362,"column":53}}},"82":{"name":"(anonymous_82)","line":1412,"loc":{"start":{"line":1412,"column":16},"end":{"line":1412,"column":38}}},"83":{"name":"Date","line":1416,"loc":{"start":{"line":1416,"column":27},"end":{"line":1416,"column":63}}},"84":{"name":"dayFromMonth","line":1477,"loc":{"start":{"line":1477,"column":31},"end":{"line":1477,"column":66}}},"85":{"name":"toUTC","line":1488,"loc":{"start":{"line":1488,"column":24},"end":{"line":1488,"column":42}}},"86":{"name":"parse","line":1519,"loc":{"start":{"line":1519,"column":28},"end":{"line":1519,"column":51}}},"87":{"name":"now","line":1579,"loc":{"start":{"line":1579,"column":19},"end":{"line":1579,"column":34}}},"88":{"name":"multiply","line":1602,"loc":{"start":{"line":1602,"column":18},"end":{"line":1602,"column":42}}},"89":{"name":"divide","line":1611,"loc":{"start":{"line":1611,"column":16},"end":{"line":1611,"column":35}}},"90":{"name":"numToString","line":1620,"loc":{"start":{"line":1620,"column":21},"end":{"line":1620,"column":44}}},"91":{"name":"pow","line":1635,"loc":{"start":{"line":1635,"column":13},"end":{"line":1635,"column":37}}},"92":{"name":"log","line":1638,"loc":{"start":{"line":1638,"column":13},"end":{"line":1638,"column":29}}},"93":{"name":"toFixed","line":1653,"loc":{"start":{"line":1653,"column":22},"end":{"line":1653,"column":55}}},"94":{"name":"(anonymous_94)","line":1738,"loc":{"start":{"line":1738,"column":38},"end":{"line":1738,"column":50}}},"95":{"name":"toPrecision","line":1747,"loc":{"start":{"line":1747,"column":21},"end":{"line":1747,"column":53}}},"96":{"name":"(anonymous_96)","line":1780,"loc":{"start":{"line":1780,"column":9},"end":{"line":1780,"column":21}}},"97":{"name":"(anonymous_97)","line":1784,"loc":{"start":{"line":1784,"column":36},"end":{"line":1784,"column":64}}},"98":{"name":"(anonymous_98)","line":1826,"loc":{"start":{"line":1826,"column":57},"end":{"line":1826,"column":69}}},"99":{"name":"split","line":1867,"loc":{"start":{"line":1867,"column":32},"end":{"line":1867,"column":65}}},"100":{"name":"(anonymous_100)","line":1876,"loc":{"start":{"line":1876,"column":41},"end":{"line":1876,"column":53}}},"101":{"name":"(anonymous_101)","line":1878,"loc":{"start":{"line":1878,"column":30},"end":{"line":1878,"column":54}}},"102":{"name":"replace","line":1885,"loc":{"start":{"line":1885,"column":34},"end":{"line":1885,"column":78}}},"103":{"name":"(anonymous_103)","line":1891,"loc":{"start":{"line":1891,"column":42},"end":{"line":1891,"column":59}}},"104":{"name":"substr","line":1913,"loc":{"start":{"line":1913,"column":16},"end":{"line":1913,"column":47}}},"105":{"name":"trim","line":1935,"loc":{"start":{"line":1935,"column":14},"end":{"line":1935,"column":30}}},"106":{"name":"lastIndexOf","line":1946,"loc":{"start":{"line":1946,"column":21},"end":{"line":1946,"column":56}}},"107":{"name":"lastIndexOf","line":1970,"loc":{"start":{"line":1970,"column":21},"end":{"line":1970,"column":56}}},"108":{"name":"(anonymous_108)","line":1980,"loc":{"start":{"line":1980,"column":20},"end":{"line":1980,"column":44}}},"109":{"name":"parseInt","line":1982,"loc":{"start":{"line":1982,"column":19},"end":{"line":1982,"column":49}}},"110":{"name":"(anonymous_110)","line":1993,"loc":{"start":{"line":1993,"column":22},"end":{"line":1993,"column":48}}},"111":{"name":"parseFloat","line":1994,"loc":{"start":{"line":1994,"column":19},"end":{"line":1994,"column":47}}},"112":{"name":"toString","line":2003,"loc":{"start":{"line":2003,"column":32},"end":{"line":2003,"column":52}}},"113":{"name":"(anonymous_113)","line":2032,"loc":{"start":{"line":2032,"column":34},"end":{"line":2032,"column":55}}},"114":{"name":"toString","line":2049,"loc":{"start":{"line":2049,"column":28},"end":{"line":2049,"column":48}}}},"statementMap":{"1":{"start":{"line":14,"column":0},"end":{"line":2065,"column":4}},"2":{"start":{"line":18,"column":4},"end":{"line":29,"column":5}},"3":{"start":{"line":20,"column":8},"end":{"line":20,"column":24}},"4":{"start":{"line":21,"column":11},"end":{"line":29,"column":5}},"5":{"start":{"line":25,"column":8},"end":{"line":25,"column":35}},"6":{"start":{"line":28,"column":8},"end":{"line":28,"column":39}},"7":{"start":{"line":43,"column":4},"end":{"line":43,"column":23}},"8":{"start":{"line":44,"column":4},"end":{"line":44,"column":42}},"9":{"start":{"line":45,"column":4},"end":{"line":45,"column":25}},"10":{"start":{"line":46,"column":4},"end":{"line":46,"column":44}},"11":{"start":{"line":47,"column":4},"end":{"line":47,"column":29}},"12":{"start":{"line":48,"column":4},"end":{"line":48,"column":48}},"13":{"start":{"line":49,"column":4},"end":{"line":49,"column":25}},"14":{"start":{"line":50,"column":4},"end":{"line":50,"column":44}},"15":{"start":{"line":51,"column":4},"end":{"line":51,"column":25}},"16":{"start":{"line":52,"column":4},"end":{"line":52,"column":44}},"17":{"start":{"line":53,"column":4},"end":{"line":53,"column":43}},"18":{"start":{"line":54,"column":4},"end":{"line":54,"column":45}},"19":{"start":{"line":55,"column":4},"end":{"line":55,"column":41}},"20":{"start":{"line":56,"column":4},"end":{"line":56,"column":47}},"21":{"start":{"line":57,"column":4},"end":{"line":57,"column":45}},"22":{"start":{"line":58,"column":4},"end":{"line":58,"column":41}},"23":{"start":{"line":59,"column":4},"end":{"line":59,"column":38}},"24":{"start":{"line":60,"column":4},"end":{"line":60,"column":40}},"25":{"start":{"line":61,"column":4},"end":{"line":61,"column":23}},"26":{"start":{"line":62,"column":4},"end":{"line":62,"column":23}},"27":{"start":{"line":65,"column":4},"end":{"line":65,"column":45}},"28":{"start":{"line":69,"column":4},"end":{"line":69,"column":96}},"29":{"start":{"line":70,"column":4},"end":{"line":70,"column":19}},"30":{"start":{"line":70,"column":69},"end":{"line":70,"column":1119}},"31":{"start":{"line":70,"column":191},"end":{"line":70,"column":525}},"32":{"start":{"line":70,"column":197},"end":{"line":70,"column":229}},"33":{"start":{"line":70,"column":230},"end":{"line":70,"column":282}},"34":{"start":{"line":70,"column":283},"end":{"line":70,"column":351}},"35":{"start":{"line":70,"column":352},"end":{"line":70,"column":429}},"36":{"start":{"line":70,"column":430},"end":{"line":70,"column":474}},"37":{"start":{"line":70,"column":489},"end":{"line":70,"column":502}},"38":{"start":{"line":70,"column":585},"end":{"line":70,"column":697}},"39":{"start":{"line":70,"column":591},"end":{"line":70,"column":633}},"40":{"start":{"line":70,"column":618},"end":{"line":70,"column":631}},"41":{"start":{"line":70,"column":634},"end":{"line":70,"column":654}},"42":{"start":{"line":70,"column":655},"end":{"line":70,"column":667}},"43":{"start":{"line":70,"column":682},"end":{"line":70,"column":695}},"44":{"start":{"line":70,"column":815},"end":{"line":70,"column":844}},"45":{"start":{"line":70,"column":829},"end":{"line":70,"column":842}},"46":{"start":{"line":70,"column":845},"end":{"line":70,"column":924}},"47":{"start":{"line":70,"column":909},"end":{"line":70,"column":922}},"48":{"start":{"line":70,"column":925},"end":{"line":70,"column":981}},"49":{"start":{"line":70,"column":947},"end":{"line":70,"column":979}},"50":{"start":{"line":70,"column":982},"end":{"line":70,"column":1024}},"51":{"start":{"line":70,"column":1009},"end":{"line":70,"column":1022}},"52":{"start":{"line":70,"column":1025},"end":{"line":70,"column":1062}},"53":{"start":{"line":70,"column":1063},"end":{"line":70,"column":1116}},"54":{"start":{"line":72,"column":4},"end":{"line":72,"column":16}},"55":{"start":{"line":72,"column":63},"end":{"line":72,"column":254}},"56":{"start":{"line":72,"column":148},"end":{"line":72,"column":219}},"57":{"start":{"line":72,"column":154},"end":{"line":72,"column":176}},"58":{"start":{"line"
[...]
              return descriptor;","            }","","            // If object has a property then it's for sure `configurable`, and","            // probably `enumerable`. Detect enumerability though.","            descriptor = {","                enumerable: isEnumerable(object, property),","                configurable: true","            };","","            // If JS engine supports accessor properties then property may be a","            // getter or setter.","            if (supportsAccessors) {","                // Unfortunately `__lookupGetter__` will return a getter even","                // if object has own non getter property along with a same named","                // inherited getter. To avoid misbehavior we temporary remove","                // `__proto__` so that `__lookupGetter__` will return getter only","                // if it's owned by an object.","                var prototype = object.__proto__;","                var notPrototypeOfObject = object !== prototypeOfObject;","                // avoid recursion problem, breaking in Opera Mini when","                // Object.getOwnPropertyDescriptor(Object.prototype, 'toString')","                // or any other Object.prototype accessor","                if (notPrototypeOfObject) {","                    object.__proto__ = prototypeOfObject;","                }","","                var getter = lookupGetter(object, property);","                var setter = lookupSetter(object, property);","","                if (notPrototypeOfObject) {","                    // Once we have getter and setter we can put values back.","                    object.__proto__ = prototype;","                }","","                if (getter || setter) {","                    if (getter) {","                        descriptor.get = getter;","                    }","                    if (setter) {","                        descriptor.set = setter;","                    }","                    // If it was accessor property we're done and return here","                    // in order to avoid adding `value` to the descriptor.","                    return descriptor;","                }","            }","","            // If we got this far we know that object has an own property that is","            // not an accessor so we set it as a value and return descriptor.","            descriptor.value = object[property];","            descriptor.writable = true;","            return descriptor;","        };","        /* eslint-enable no-proto */","    }","","    // ES5 15.2.3.4","    // http://es5.github.com/#x15.2.3.4","    if (!Object.getOwnPropertyNames) {","        Object.getOwnPropertyNames = function getOwnPropertyNames(object) {","            return Object.keys(object);","        };","    }","","    // ES5 15.2.3.5","    // http://es5.github.com/#x15.2.3.5","    if (!Object.create) {","","        // Contributed by Brandon Benvie, October, 2012","        var createEmpty;","        var supportsProto = !({ __proto__: null } instanceof Object);","                            // the following produces false positives","                            // in Opera Mini => not a reliable check","                            // Object.prototype.__proto__ === null","","        // Check for document.domain and active x support","        // No need to use active x approach when document.domain is not set","        // see https://github.com/es-shims/es5-shim/issues/150","        // variation of https://github.com/kitcambridge/es5-shim/commit/4f738ac066346","        /* global ActiveXObject */","        var shouldUseActiveX = function shouldUseActiveX() {","            // return early if document.domain not set","            if (!document.domain) {","                return false;","            }","","            try {","                return !!new ActiveXObject('htmlfile');","            } catch (exception) {","                return false;","            }","        };","","        // This supports IE8 when document.domain is used","        // see https://github.com/es-shims/es5-shim/issues/150","        // variation of https://github.com/kitcambridge/es5-shim/commit/4f738ac066346","        var getEmptyViaActiveX = function getEmptyViaActiveX() {","            var empty;","            var xDoc;","","            xDoc = new ActiveXObject('htmlfile');","","            var script = 'script';","            xDoc.write('<' + script + '></' + script + '>');","            xDoc.close();","","            empty = xDoc.parentWindow.Object.prototype;","            xDoc = null;","","            return empty;","        };","","        // The original implementation using an iframe","        // before the activex approach was added","        // see https://github.com/es-shims/es5-shim/issues/150","        var getEmptyViaIFrame = function getEmptyViaIFrame() {","            var iframe = document.createElement('iframe');","            var parent = document.body || document.documentElement;","            var empty;","","            iframe.style.display = 'none';","            parent.appendChild(iframe);","            /* eslint-disable no-script-url */","            iframe.src = 'javascript:';","            /* eslint-enable no-script-url */","","            empty = iframe.contentWindow.Object.prototype;","            parent.removeChild(iframe);","            iframe = null;","","            return empty;","        };","","        /* global document */","        if (supportsProto || typeof document === 'undefined') {","            createEmpty = function () {","                return { __proto__: null };","            };","        } else {","            // In old IE __proto__ can't be used to manually set `null`, nor does","            // any other method exist to make an object that inherits from nothing,","            // aside from Object.prototype itself. Instead, create a new global","            // object and *steal* its Object.prototype and strip it bare. This is","            // used as the prototype to create nullary objects.","            createEmpty = function () {","                // Determine which approach to use","                // see https://github.com/es-shims/es5-shim/issues/150","                var empty = shouldUseActiveX() ? getEmptyViaActiveX() : getEmptyViaIFrame();","","                delete empty.constructor;","                delete empty.hasOwnProperty;","                delete empty.propertyIsEnumerable;","                delete empty.isPrototypeOf;","                delete empty.toLocaleString;","                delete empty.toString;","                delete empty.valueOf;","","                var Empty = function Empty() {};","                Empty.prototype = empty;","                // short-circuit future calls","                createEmpty = function () {","                    return new Empty();","                };","                return new Empty();","            };","        }","","        Object.create = function create(prototype, properties) {","","            var object;","            var Type = function Type() {}; // An empty constructor.","","            if (prototype === null) {","                object = createEmpty();","            } else {","                if (prototype !== null && isPrimitive(prototype)) {","                    // In the native implementation `parent` can be `null`","                    // OR *any* `instanceof Object`  (Object|Function|Array|RegExp|etc)","                    // Use `typeof` tho, b/c in old IE, DOM elements are not `instanceof Object`","                    // like they are in modern browsers. Using `Object.create` on DOM elements","                    // is...err...probably inappropriate, but the native version allows for it.","                    throw new TypeError('Object prototype may only be an Object or null'); // same msg as Chrome","                }","                Type.prototype = prototype;","                object = new Type();","                // IE has no built-in implementation of `Object.getPrototypeOf`","                // neither `__proto__`, but this manually setting `__proto__` will","                // guarantee that `Object.getPrototypeOf` will work as expected with","                // objects created using `Object.create`","                /* eslint-disable no-proto */","                object.__proto__ = prototype;","                /* eslint-enable no-proto */","            }","","            if (properties !== void 0) {","                Object.defineProperties(object, properties);","            }","","            return object;","        };","    }","","    // ES5 15.2.3.6","    // http://es5.github.com/#x15.2.3.6","","    // Patch for WebKit and IE8 standard mode","    // Designed by hax <hax.github.com>","    // related issue: https://github.com/es-shims/es5-shim/issues#issue/5","    // IE8 Reference:","    //     http://msdn.microsoft.com/en-us/library/dd282900.aspx","    //     http://msdn.microsoft.com/en-us/library/dd229916.aspx","    // WebKit Bugs:","    //     https://bugs.webkit.org/show_bug.cgi?id=36423","","    var doesDefinePropertyWork = function doesDefinePropertyWork(object) {","        try {","            Object.defineProperty(object, 'sentinel', {});","            return 'sentinel' in object;","        } catch (exception) {","            return false;","        }","    };","","    // check whether defineProperty works if it's given. Otherwise,","    // shim partially.","    if (Object.defineProperty) {","        var definePropertyWorksOnObject = doesDefinePropertyWork({});","        var definePropertyWorksOnDom = typeof document === 'undefined' ||","            doesDefinePropertyWork(document.createElement('div'));","        if (!definePropertyWorksOnObject || !definePropertyWorksOnDom) {","            var definePropertyFallback = Object.defineProperty,","                definePropertiesFallback = Object.defineProperties;","        }","    }","","    if (!Object.defineProperty || definePropertyFallback) {","        var ERR_NON_OBJECT_DESCRIPTOR = 'Property description must be an object: ';","        var ERR_NON_OBJECT_TARGET = 'Object.defineProperty called on non-object: ';","        var ERR_ACCESSORS_NOT_SUPPORTED = 'getters & setters can not be defined on this javascript engine';","","        Object.defineProperty = function defineProperty(object, property, descriptor) {","            if (isPrimitive(object)) {","                throw new TypeError(ERR_NON_OBJECT_TARGET + object);","            }","            if (isPrimitive(descriptor)) {","                throw new TypeError(ERR_NON_OBJECT_DESCRIPTOR + descriptor);","            }","            // make a valiant attempt to use the real defineProperty","            // for I8's DOM elements.","            if (definePropertyFallback) {","                try {","                    return definePropertyFallback.call(Object, object, property, descriptor);","                } catch (exception) {","                    // try the shim if the real one doesn't work","                }","            }","","            // If it's a data property.","            if ('value' in descriptor) {","                // fail silently if 'writable', 'enumerable', or 'configurable'","                // are requested but not supported","                /*","                // alternate approach:","                if ( // can't implement these features; allow false but not true","                    ('writable' in descriptor && !descriptor.writable) ||","                    ('enumerable' in descriptor && !descriptor.enumerable) ||","                    ('configurable' in descriptor && !descriptor.configurable)","                ))","                    throw new RangeError(","                        'This implementation of Object.defineProperty does not support configurable, enumerable, or writable.'","                    );","                */","","                if (supportsAccessors && (lookupGetter(object, property) || lookupSetter(object, property))) {","                    // As accessors are supported only on engines implementing","                    // `__proto__` we can safely override `__proto__` while defining","                    // a property to make sure that we don't hit an inherited","                    // accessor.","                    /* eslint-disable no-proto */","                    var prototype = object.__proto__;","                    object.__proto__ = prototypeOfObject;","                    // Deleting a property anyway since getter / setter may be","                    // defined on object itself.","                    delete object[property];","                    object[property] = descriptor.value;","                    // Setting original `__proto__` back now.","                    object.__proto__ = prototype;","                    /* eslint-enable no-proto */","                } else {","                    object[property] = descriptor.value;","                }","            } else {","                var hasGetter = 'get' in descriptor;","                var hasSetter = 'set' in descriptor;","                if (!supportsAccessors && (hasGetter || hasSetter)) {","                    throw new TypeError(ERR_ACCESSORS_NOT_SUPPORTED);","                }","                // If we got that far then getters and setters can be defined !!","                if (hasGetter) {","                    defineGetter(object, property, descriptor.get);","                }","                if (hasSetter) {","                    defineSetter(object, property, descriptor.set);","                }","            }","            return object;","        };","    }","","    // ES5 15.2.3.7","    // http://es5.github.com/#x15.2.3.7","    if (!Object.defineProperties || definePropertiesFallback) {","        Object.defineProperties = function defineProperties(object, properties) {","            // make a valiant attempt to use the real defineProperties","            if (definePropertiesFallback) {","                try {","                    return definePropertiesFallback.call(Object, object, properties);","                } catch (exception) {","                    // try the shim if the real one doesn't work","                }","            }","","            Object.keys(properties).forEach(function (property) {","                if (property !== '__proto__') {","                    Object.defineProperty(object, property, properties[property]);","                }","            });","            return object;","        };","    }","","    // ES5 15.2.3.8","    // http://es5.github.com/#x15.2.3.8","    if (!Object.seal) {","        Object.seal = function seal(object) {","            if (Object(object) !== object) {","                throw new TypeError('Object.seal can only be called on Objects.');","            }","            // this is misleading and breaks feature-detection, but","            // allows \"securable\" code to \"gracefully\" degrade to working","            // but insecure code.","            return object;","        };","    }","","    // ES5 15.2.3.9","    // http://es5.github.com/#x15.2.3.9","    if (!Object.freeze) {","        Object.freeze = function freeze(object) {","            if (Object(object) !== object) {","                throw new TypeError('Object.freeze can only be called on Objects.');","            }","            // this is misleading and breaks feature-detection, but","            // allows \"securable\" code to \"gracefully\" degrade to working","            // but insecure code.","            return object;","        };","    }","","    // detect a Rhino bug and patch it","    try {","        Object.freeze(function () {});","    } catch (exception) {","        Object.freeze = (function (freezeObject) {","            return function freeze(object) {","                if (typeof object === 'function') {","                    return object;","                } else {","                    return freezeObject(object);","                }","            };","        }(Object.freeze));","    }","","    // ES5 15.2.3.10","    // http://es5.github.com/#x15.2.3.10","    if (!Object.preventExtensions) {","        Object.preventExtensions = function preventExtensions(object) {","            if (Object(object) !== object) {","                throw new TypeError('Object.preventExtensions can only be called on Objects.');","            }","            // this is misleading and breaks feature-detection, but","            // allows \"securable\" code to \"gracefully\" degrade to working","            // but insecure code.","            return object;","        };","    }","","    // ES5 15.2.3.11","    // http://es5.github.com/#x15.2.3.11","    if (!Object.isSealed) {","        Object.isSealed = function isSealed(object) {","            if (Object(object) !== object) {","                throw new TypeError('Object.isSealed can only be called on Objects.');","            }","            return false;","        };","    }","","    // ES5 15.2.3.12","    // http://es5.github.com/#x15.2.3.12","    if (!Object.isFrozen) {","        Object.isFrozen = function isFrozen(object) {","            if (Object(object) !== object) {","                throw new TypeError('Object.isFrozen can only be called on Objects.');","            }","            return false;","        };","    }","","    // ES5 15.2.3.13","    // http://es5.github.com/#x15.2.3.13","    if (!Object.isExtensible) {","        Object.isExtensible = function isExtensible(object) {","            // 1. If Type(O) is not Object throw a TypeError exception.","            if (Object(object) !== object) {","                throw new TypeError('Object.isExtensible can only be called on Objects.');","            }","            // 2. Return the Boolean value of the [[Extensible]] internal property of O.","            var name = '';","            while (owns(object, name)) {","                name += '?';","            }","            object[name] = true;","            var returnValue = owns(object, name);","            delete object[name];","            return returnValue;","        };","    }","","}));",""],"l":{"14":1,"18":1,"20":0,"21":1,"25":1,"28":0,"32":1,"33":1,"34":1,"35":1,"36":1,"39":1,"40":1,"41":1,"42":1,"43":1,"44":1,"46":1,"47":1,"48":1,"49":1,"53":1,"54":0,"59":1,"67":0,"69":0,"71":0,"72":0,"73":0,"74":0,"75":0,"76":0,"82":0,"90":1,"91":1,"92":1,"93":1,"95":0,"100":1,"101":1,"102":1,"104":1,"105":0,"109":1,"110":0,"113":0,"114":0,"115":0,"120":0,"121":0,"122":0,"128":0,"131":0,"132":0,"137":0,"144":0,"150":0,"151":0,"155":0,"156":0,"159":0,"160":0,"162":0,"164":0,"167":0,"168":0,"169":0,"171":0,"172":0,"176":0,"182":0,"183":0,"184":0,"191":1,"192":0,"193":0,"199":1,"202":0,"203":0,"213":0,"215":0,"216":0,"219":0,"220":0,"222":0,"229":0,"230":0,"231":0,"233":0,"235":0,"236":0,"237":0,"239":0,"240":0,"242":0,"248":0,"249":0,"250":0,"251":0,"253":0,"254":0,"256":0,"259":0,"260":0,"261":0,"263":0,"267":0,"268":0,"269":0,"277":0,"280":0,"282":0,"283":0,"284":0,"285":0,"286":0,"287":0,"288":0,"290":0,"291":0,"293":0,"294":0,"296":0,"300":0,"302":0,"303":0,"305":0,"306":0,"308":0,"314":0,"316":0,"317":0,"323":0,"327":0,"328":0,"331":0,"347":1,"348":1,"349":1,"350":1,"352":0,"358":1,"359":1,"360":1,"362":1,"363":0,"368":1,"369":0,"370":0,"371":0,"373":0,"374":0,"375":0,"377":0,"378":0,"382":0,"383":0,"384":0,"391":0,"406":0,"412":0,"413":0,"416":0,"417":0,"419":0,"422":0,"425":0,"426":0,"427":0,"428":0,"431":0,"432":0,"434":0,"435":0,"438":0,"444":1,"445":0,"447":0,"448":0,"449":0,"455":0,"456":0,"457":0,"460":0,"466":1,"467":0,"468":0,"469":0,"474":0,"480":1,"481":0,"482":0,"483":0,"488":0,"493":1,"494":1,"496":0,"497":0,"498":0,"499":0,"501":0,"509":1,"510":0,"511":0,"512":0,"517":0,"523":1,"524":0,"525":0,"526":0,"528":0,"534":1,"535":0,"536":0,"537":0,"539":0,"545":1,"546":0,"548":0,"549":0,"552":0,"553":0,"554":0,"556":0,"557":0,"558":0,"559":0}}}